2012/12/27 19:29:45 [error] [exception.CException] exception 'CException' with message 'CHttpRequest is unable to determine the request URI.' in D:\javiermu\test\f\web\CHttpRequest.php:469
Stack trace:
#0 D:\javiermu\test\f\web\CHttpRequest.php(381): CHttpRequest->getRequestUri()
#1 D:\javiermu\test\f\web\CUrlManager.php(361): CHttpRequest->getPathInfo()
#2 D:\javiermu\test\f\web\CWebApplication.php(134): CUrlManager->parseUrl(Object(CHttpRequest))
#3 D:\javiermu\test\f\base\CApplication.php(162): CWebApplication->processRequest()
#4 D:\javiermu\test\index.php(11): CApplication->run()
#5 {main}
---
2012/12/27 19:33:27 [error] [exception.CException] exception 'CException' with message 'CHttpRequest is unable to determine the request URI.' in D:\javiermu\test\f\web\CHttpRequest.php:469
Stack trace:
#0 D:\javiermu\test\f\web\CHttpRequest.php(381): CHttpRequest->getRequestUri()
#1 D:\javiermu\test\f\web\CUrlManager.php(361): CHttpRequest->getPathInfo()
#2 D:\javiermu\test\f\web\CWebApplication.php(134): CUrlManager->parseUrl(Object(CHttpRequest))
#3 D:\javiermu\test\f\base\CApplication.php(162): CWebApplication->processRequest()
#4 D:\javiermu\test\index.php(11): CApplication->run()
#5 {main}
---
2012/12/29 06:01:36 [error] [exception.CException] exception 'CException' with message 'Property "DefaultController.data" is not defined.' in D:\javiermu\test\f\base\CComponent.php:131
Stack trace:
#0 D:\javiermu\test\protected\views\default\index.php(3): CComponent->__get('data')
#1 D:\javiermu\test\f\web\CBaseController.php(127): require('D:\javiermu\tes...')
#2 D:\javiermu\test\f\web\CBaseController.php(96): CBaseController->renderInternal('D:\javiermu\tes...', 'My hello world!', true)
#3 D:\javiermu\test\f\web\CController.php(870): CBaseController->renderFile('D:\javiermu\tes...', 'My hello world!', true)
#4 D:\javiermu\test\f\web\CController.php(783): CController->renderPartial('index', 'My hello world!', true)
#5 D:\javiermu\test\protected\controllers\DefaultController.php(14): CController->render('index', 'My hello world!')
#6 D:\javiermu\test\f\web\actions\CInlineAction.php(50): DefaultController->actionIndex()
#7 D:\javiermu\test\f\web\CController.php(309): CInlineAction->runWithParams(Array)
#8 D:\javiermu\test\f\web\CController.php(287): CController->runAction(Object(CInlineAction))
#9 D:\javiermu\test\f\web\CController.php(266): CController->runActionWithFilters(Object(CInlineAction), Array)
#10 D:\javiermu\test\f\web\CWebApplication.php(276): CController->run('')
#11 D:\javiermu\test\f\web\CWebApplication.php(135): CWebApplication->runController('default')
#12 D:\javiermu\test\f\base\CApplication.php(162): CWebApplication->processRequest()
#13 D:\javiermu\test\index.php(11): CApplication->run()
#14 {main}
REQUEST_URI=/test/index.php/default
---
2012/12/29 07:10:04 [error] [exception.CHttpException.404] exception 'CHttpException' with message 'Unable to resolve the request "tests".' in D:\javiermu\test\f\web\CWebApplication.php:280
Stack trace:
#0 D:\javiermu\test\f\web\CWebApplication.php(135): CWebApplication->runController('tests')
#1 D:\javiermu\test\f\base\CApplication.php(162): CWebApplication->processRequest()
#2 D:\javiermu\test\index.php(11): CApplication->run()
#3 {main}
REQUEST_URI=/test/tests
HTTP_REFERER=http://localhost:800/test/index.php/default/index
---
2012/12/29 16:45:10 [error] [php] Undefined variable: con (D:\javiermu\test\protected\views\layouts\_Layout.php:27)
Stack trace:
#0 D:\javiermu\test\f\web\CController.php(785): DefaultController->renderFile()
#1 D:\javiermu\test\protected\controllers\DefaultController.php(14): DefaultController->render()
#2 D:\javiermu\test\f\web\actions\CInlineAction.php(50): DefaultController->actionIndex()
#3 D:\javiermu\test\f\web\CController.php(309): CInlineAction->runWithParams()
#4 D:\javiermu\test\f\web\CController.php(287): DefaultController->runAction()
#5 D:\javiermu\test\f\web\CController.php(266): DefaultController->runActionWithFilters()
#6 D:\javiermu\test\f\web\CWebApplication.php(276): DefaultController->run()
#7 D:\javiermu\test\f\web\CWebApplication.php(135): CWebApplication->runController()
#8 D:\javiermu\test\f\base\CApplication.php(162): CWebApplication->processRequest()
#9 D:\javiermu\test\index.php(11): CWebApplication->run()
REQUEST_URI=/test/index.php/default/index
2012/12/29 16:49:42 [error] [php] Undefined variable: data (D:\javiermu\test\protected\views\layouts\_Header.php:9)
Stack trace:
#0 D:\javiermu\test\f\web\widgets\CContentDecorator.php(77): DefaultController->renderFile()
#1 D:\javiermu\test\f\web\widgets\CContentDecorator.php(55): CContentDecorator->decorate()
#2 D:\javiermu\test\f\web\widgets\COutputProcessor.php(45): CContentDecorator->processOutput()
#3 D:\javiermu\test\f\web\CBaseController.php(207): CContentDecorator->run()
#4 D:\javiermu\test\f\web\CBaseController.php(301): DefaultController->endWidget()
#5 D:\javiermu\test\protected\views\layouts\_Layout.php(28): DefaultController->endContent()
#6 D:\javiermu\test\f\web\CBaseController.php(127): require()
#7 D:\javiermu\test\f\web\CBaseController.php(96): DefaultController->renderInternal()
#8 D:\javiermu\test\f\web\CController.php(785): DefaultController->renderFile()
#9 D:\javiermu\test\protected\controllers\DefaultController.php(14): DefaultController->render()
#10 D:\javiermu\test\f\web\actions\CInlineAction.php(50): DefaultController->actionIndex()
#11 D:\javiermu\test\f\web\CController.php(309): CInlineAction->runWithParams()
#12 D:\javiermu\test\f\web\CController.php(287): DefaultController->runAction()
#13 D:\javiermu\test\f\web\CController.php(266): DefaultController->runActionWithFilters()
#14 D:\javiermu\test\f\web\CWebApplication.php(276): DefaultController->run()
#15 D:\javiermu\test\f\web\CWebApplication.php(135): CWebApplication->runController()
#16 D:\javiermu\test\f\base\CApplication.php(162): CWebApplication->processRequest()
#17 D:\javiermu\test\index.php(11): CWebApplication->run()
REQUEST_URI=/test/index.php/default/index
2012/12/29 16:51:20 [error] [php] Undefined variable: data (D:\javiermu\test\protected\views\layouts\_Header.php:9)
Stack trace:
#0 D:\javiermu\test\f\web\widgets\CContentDecorator.php(77): DefaultController->renderFile()
#1 D:\javiermu\test\f\web\widgets\CContentDecorator.php(55): CContentDecorator->decorate()
#2 D:\javiermu\test\f\web\widgets\COutputProcessor.php(45): CContentDecorator->processOutput()
#3 D:\javiermu\test\f\web\CBaseController.php(207): CContentDecorator->run()
#4 D:\javiermu\test\f\web\CBaseController.php(301): DefaultController->endWidget()
#5 D:\javiermu\test\protected\views\layouts\_Layout.php(28): DefaultController->endContent()
#6 D:\javiermu\test\f\web\CBaseController.php(127): require()
#7 D:\javiermu\test\f\web\CBaseController.php(96): DefaultController->renderInternal()
#8 D:\javiermu\test\f\web\CController.php(785): DefaultController->renderFile()
#9 D:\javiermu\test\protected\controllers\DefaultController.php(14): DefaultController->render()
#10 D:\javiermu\test\f\web\actions\CInlineAction.php(50): DefaultController->actionIndex()
#11 D:\javiermu\test\f\web\CController.php(309): CInlineAction->runWithParams()
#12 D:\javiermu\test\f\web\CController.php(287): DefaultController->runAction()
#13 D:\javiermu\test\f\web\CController.php(266): DefaultController->runActionWithFilters()
#14 D:\javiermu\test\f\web\CWebApplication.php(276): DefaultController->run()
#15 D:\javiermu\test\f\web\CWebApplication.php(135): CWebApplication->runController()
#16 D:\javiermu\test\f\base\CApplication.php(162): CWebApplication->processRequest()
#17 D:\javiermu\test\index.php(11): CWebApplication->run()
REQUEST_URI=/test/index.php/default/index
2012/12/29 16:53:44 [error] [php] Undefined variable: data (D:\javiermu\test\protected\views\layouts\_Header.php:9)
Stack trace:
#0 D:\javiermu\test\f\web\widgets\CContentDecorator.php(77): DefaultController->renderFile()
#1 D:\javiermu\test\f\web\widgets\CContentDecorator.php(55): CContentDecorator->decorate()
#2 D:\javiermu\test\f\web\widgets\COutputProcessor.php(45): CContentDecorator->processOutput()
#3 D:\javiermu\test\f\web\CBaseController.php(207): CContentDecorator->run()
#4 D:\javiermu\test\f\web\CBaseController.php(301): DefaultController->endWidget()
#5 D:\javiermu\test\protected\views\layouts\_Layout.php(28): DefaultController->endContent()
#6 D:\javiermu\test\f\web\CBaseController.php(127): require()
#7 D:\javiermu\test\f\web\CBaseController.php(96): DefaultController->renderInternal()
#8 D:\javiermu\test\f\web\CController.php(785): DefaultController->renderFile()
#9 D:\javiermu\test\protected\controllers\DefaultController.php(14): DefaultController->render()
#10 D:\javiermu\test\f\web\actions\CInlineAction.php(50): DefaultController->actionIndex()
#11 D:\javiermu\test\f\web\CController.php(309): CInlineAction->runWithParams()
#12 D:\javiermu\test\f\web\CController.php(287): DefaultController->runAction()
#13 D:\javiermu\test\f\web\CController.php(266): DefaultController->runActionWithFilters()
#14 D:\javiermu\test\f\web\CWebApplication.php(276): DefaultController->run()
#15 D:\javiermu\test\f\web\CWebApplication.php(135): CWebApplication->runController()
#16 D:\javiermu\test\f\base\CApplication.php(162): CWebApplication->processRequest()
#17 D:\javiermu\test\index.php(11): CWebApplication->run()
REQUEST_URI=/test/index.php/default/index
2012/12/29 17:58:57 [error] [php] include(CCientScript.php): failed to open stream: No such file or directory (D:\javiermu\test\f\YiiBase.php:418)
Stack trace:
#0 D:\javiermu\test\protected\views\layouts\_Layout.php(98): spl_autoload_call()
#1 D:\javiermu\test\f\web\CBaseController.php(127): require()
#2 D:\javiermu\test\f\web\CBaseController.php(96): HomeController->renderInternal()
#3 D:\javiermu\test\f\web\CController.php(785): HomeController->renderFile()
#4 D:\javiermu\test\protected\controllers\HomeController.php(13): HomeController->render()
#5 D:\javiermu\test\f\web\actions\CInlineAction.php(50): HomeController->actionIndex()
#6 D:\javiermu\test\f\web\CController.php(309): CInlineAction->runWithParams()
#7 D:\javiermu\test\f\web\CController.php(287): HomeController->runAction()
#8 D:\javiermu\test\f\web\CController.php(266): HomeController->runActionWithFilters()
#9 D:\javiermu\test\f\web\CWebApplication.php(276): HomeController->run()
#10 D:\javiermu\test\f\web\CWebApplication.php(135): CWebApplication->runController()
#11 D:\javiermu\test\f\base\CApplication.php(162): CWebApplication->processRequest()
#12 D:\javiermu\test\index.php(11): CWebApplication->run()
REQUEST_URI=/test/
2012/12/29 17:59:25 [error] [php] include(CCientScript.php): failed to open stream: No such file or directory (D:\javiermu\test\f\YiiBase.php:418)
Stack trace:
#0 D:\javiermu\test\protected\views\layouts\_Layout.php(98): spl_autoload_call()
#1 D:\javiermu\test\f\web\CBaseController.php(127): require()
#2 D:\javiermu\test\f\web\CBaseController.php(96): HomeController->renderInternal()
#3 D:\javiermu\test\f\web\CController.php(785): HomeController->renderFile()
#4 D:\javiermu\test\protected\controllers\HomeController.php(13): HomeController->render()
#5 D:\javiermu\test\f\web\actions\CInlineAction.php(50): HomeController->actionIndex()
#6 D:\javiermu\test\f\web\CController.php(309): CInlineAction->runWithParams()
#7 D:\javiermu\test\f\web\CController.php(287): HomeController->runAction()
#8 D:\javiermu\test\f\web\CController.php(266): HomeController->runActionWithFilters()
#9 D:\javiermu\test\f\web\CWebApplication.php(276): HomeController->run()
#10 D:\javiermu\test\f\web\CWebApplication.php(135): CWebApplication->runController()
#11 D:\javiermu\test\f\base\CApplication.php(162): CWebApplication->processRequest()
#12 D:\javiermu\test\index.php(11): CWebApplication->run()
REQUEST_URI=/test/
2012/12/29 17:59:41 [error] [php] include(CCientScript.php): failed to open stream: No such file or directory (D:\javiermu\test\f\YiiBase.php:418)
Stack trace:
#0 D:\javiermu\test\protected\views\layouts\_Layout.php(98): spl_autoload_call()
#1 D:\javiermu\test\f\web\CBaseController.php(127): require()
#2 D:\javiermu\test\f\web\CBaseController.php(96): HomeController->renderInternal()
#3 D:\javiermu\test\f\web\CController.php(785): HomeController->renderFile()
#4 D:\javiermu\test\protected\controllers\HomeController.php(13): HomeController->render()
#5 D:\javiermu\test\f\web\actions\CInlineAction.php(50): HomeController->actionIndex()
#6 D:\javiermu\test\f\web\CController.php(309): CInlineAction->runWithParams()
#7 D:\javiermu\test\f\web\CController.php(287): HomeController->runAction()
#8 D:\javiermu\test\f\web\CController.php(266): HomeController->runActionWithFilters()
#9 D:\javiermu\test\f\web\CWebApplication.php(276): HomeController->run()
#10 D:\javiermu\test\f\web\CWebApplication.php(135): CWebApplication->runController()
#11 D:\javiermu\test\f\base\CApplication.php(162): CWebApplication->processRequest()
#12 D:\javiermu\test\index.php(11): CWebApplication->run()
REQUEST_URI=/test/
2012/12/29 18:01:17 [error] [php] include(CCientScript.php): failed to open stream: No such file or directory (D:\javiermu\test\f\YiiBase.php:418)
Stack trace:
#0 D:\javiermu\test\protected\views\layouts\_Layout.php(98): spl_autoload_call()
#1 D:\javiermu\test\f\web\CBaseController.php(127): require()
#2 D:\javiermu\test\f\web\CBaseController.php(96): HomeController->renderInternal()
#3 D:\javiermu\test\f\web\CController.php(785): HomeController->renderFile()
#4 D:\javiermu\test\protected\controllers\HomeController.php(13): HomeController->render()
#5 D:\javiermu\test\f\web\actions\CInlineAction.php(50): HomeController->actionIndex()
#6 D:\javiermu\test\f\web\CController.php(309): CInlineAction->runWithParams()
#7 D:\javiermu\test\f\web\CController.php(287): HomeController->runAction()
#8 D:\javiermu\test\f\web\CController.php(266): HomeController->runActionWithFilters()
#9 D:\javiermu\test\f\web\CWebApplication.php(276): HomeController->run()
#10 D:\javiermu\test\f\web\CWebApplication.php(135): CWebApplication->runController()
#11 D:\javiermu\test\f\base\CApplication.php(162): CWebApplication->processRequest()
#12 D:\javiermu\test\index.php(11): CWebApplication->run()
REQUEST_URI=/test/
2012/12/29 18:09:10 [error] [php] include(CCientScript.php): failed to open stream: No such file or directory (D:\javiermu\test\f\YiiBase.php:418)
Stack trace:
#0 D:\javiermu\test\protected\views\layouts\_Layout.php(98): spl_autoload_call()
#1 D:\javiermu\test\f\web\CBaseController.php(127): require()
#2 D:\javiermu\test\f\web\CBaseController.php(96): HomeController->renderInternal()
#3 D:\javiermu\test\f\web\CController.php(785): HomeController->renderFile()
#4 D:\javiermu\test\protected\controllers\HomeController.php(13): HomeController->render()
#5 D:\javiermu\test\f\web\actions\CInlineAction.php(50): HomeController->actionIndex()
#6 D:\javiermu\test\f\web\CController.php(309): CInlineAction->runWithParams()
#7 D:\javiermu\test\f\web\CController.php(287): HomeController->runAction()
#8 D:\javiermu\test\f\web\CController.php(266): HomeController->runActionWithFilters()
#9 D:\javiermu\test\f\web\CWebApplication.php(276): HomeController->run()
#10 D:\javiermu\test\f\web\CWebApplication.php(135): CWebApplication->runController()
#11 D:\javiermu\test\f\base\CApplication.php(162): CWebApplication->processRequest()
#12 D:\javiermu\test\index.php(11): CWebApplication->run()
REQUEST_URI=/test/
2012/12/29 18:15:24 [error] [php] include(CCientScript.php): failed to open stream: No such file or directory (D:\javiermu\test\f\YiiBase.php:418)
Stack trace:
#0 D:\javiermu\test\protected\views\layouts\_Layout.php(97): spl_autoload_call()
#1 D:\javiermu\test\f\web\CBaseController.php(127): require()
#2 D:\javiermu\test\f\web\CBaseController.php(96): HomeController->renderInternal()
#3 D:\javiermu\test\f\web\CController.php(785): HomeController->renderFile()
#4 D:\javiermu\test\protected\controllers\HomeController.php(13): HomeController->render()
#5 D:\javiermu\test\f\web\actions\CInlineAction.php(50): HomeController->actionIndex()
#6 D:\javiermu\test\f\web\CController.php(309): CInlineAction->runWithParams()
#7 D:\javiermu\test\f\web\CController.php(287): HomeController->runAction()
#8 D:\javiermu\test\f\web\CController.php(266): HomeController->runActionWithFilters()
#9 D:\javiermu\test\f\web\CWebApplication.php(276): HomeController->run()
#10 D:\javiermu\test\f\web\CWebApplication.php(135): CWebApplication->runController()
#11 D:\javiermu\test\f\base\CApplication.php(162): CWebApplication->processRequest()
#12 D:\javiermu\test\index.php(11): CWebApplication->run()
REQUEST_URI=/test/
2012/12/29 18:15:27 [error] [php] include(CCientScript.php): failed to open stream: No such file or directory (D:\javiermu\test\f\YiiBase.php:418)
Stack trace:
#0 D:\javiermu\test\protected\views\layouts\_Layout.php(97): spl_autoload_call()
#1 D:\javiermu\test\f\web\CBaseController.php(127): require()
#2 D:\javiermu\test\f\web\CBaseController.php(96): HomeController->renderInternal()
#3 D:\javiermu\test\f\web\CController.php(785): HomeController->renderFile()
#4 D:\javiermu\test\protected\controllers\HomeController.php(13): HomeController->render()
#5 D:\javiermu\test\f\web\actions\CInlineAction.php(50): HomeController->actionIndex()
#6 D:\javiermu\test\f\web\CController.php(309): CInlineAction->runWithParams()
#7 D:\javiermu\test\f\web\CController.php(287): HomeController->runAction()
#8 D:\javiermu\test\f\web\CController.php(266): HomeController->runActionWithFilters()
#9 D:\javiermu\test\f\web\CWebApplication.php(276): HomeController->run()
#10 D:\javiermu\test\f\web\CWebApplication.php(135): CWebApplication->runController()
#11 D:\javiermu\test\f\base\CApplication.php(162): CWebApplication->processRequest()
#12 D:\javiermu\test\index.php(11): CWebApplication->run()
REQUEST_URI=/test/
2012/12/29 18:16:31 [error] [php] include(CCientScript.php): failed to open stream: No such file or directory (D:\javiermu\test\f\YiiBase.php:418)
Stack trace:
#0 D:\javiermu\test\protected\views\layouts\_Layout.php(97): spl_autoload_call()
#1 D:\javiermu\test\f\web\CBaseController.php(127): require()
#2 D:\javiermu\test\f\web\CBaseController.php(96): HomeController->renderInternal()
#3 D:\javiermu\test\f\web\CController.php(785): HomeController->renderFile()
#4 D:\javiermu\test\protected\controllers\HomeController.php(13): HomeController->render()
#5 D:\javiermu\test\f\web\actions\CInlineAction.php(50): HomeController->actionIndex()
#6 D:\javiermu\test\f\web\CController.php(309): CInlineAction->runWithParams()
#7 D:\javiermu\test\f\web\CController.php(287): HomeController->runAction()
#8 D:\javiermu\test\f\web\CController.php(266): HomeController->runActionWithFilters()
#9 D:\javiermu\test\f\web\CWebApplication.php(276): HomeController->run()
#10 D:\javiermu\test\f\web\CWebApplication.php(135): CWebApplication->runController()
#11 D:\javiermu\test\f\base\CApplication.php(162): CWebApplication->processRequest()
#12 D:\javiermu\test\index.php(11): CWebApplication->run()
REQUEST_URI=/test/
2012/12/29 18:18:36 [error] [php] include(CCientScript.php): failed to open stream: No such file or directory (D:\javiermu\test\f\YiiBase.php:418)
Stack trace:
#0 D:\javiermu\test\protected\views\layouts\_Layout.php(97): spl_autoload_call()
#1 D:\javiermu\test\f\web\CBaseController.php(127): require()
#2 D:\javiermu\test\f\web\CBaseController.php(96): HomeController->renderInternal()
#3 D:\javiermu\test\f\web\CController.php(785): HomeController->renderFile()
#4 D:\javiermu\test\protected\controllers\HomeController.php(13): HomeController->render()
#5 D:\javiermu\test\f\web\actions\CInlineAction.php(50): HomeController->actionIndex()
#6 D:\javiermu\test\f\web\CController.php(309): CInlineAction->runWithParams()
#7 D:\javiermu\test\f\web\CController.php(287): HomeController->runAction()
#8 D:\javiermu\test\f\web\CController.php(266): HomeController->runActionWithFilters()
#9 D:\javiermu\test\f\web\CWebApplication.php(276): HomeController->run()
#10 D:\javiermu\test\f\web\CWebApplication.php(135): CWebApplication->runController()
#11 D:\javiermu\test\f\base\CApplication.php(162): CWebApplication->processRequest()
#12 D:\javiermu\test\index.php(11): CWebApplication->run()
REQUEST_URI=/test/
2012/12/29 18:20:35 [error] [php] include(CCientScript.php): failed to open stream: No such file or directory (D:\javiermu\test\f\YiiBase.php:418)
Stack trace:
#0 D:\javiermu\test\protected\views\layouts\_Layout.php(97): spl_autoload_call()
#1 D:\javiermu\test\f\web\CBaseController.php(127): require()
#2 D:\javiermu\test\f\web\CBaseController.php(96): HomeController->renderInternal()
#3 D:\javiermu\test\f\web\CController.php(785): HomeController->renderFile()
#4 D:\javiermu\test\protected\controllers\HomeController.php(13): HomeController->render()
#5 D:\javiermu\test\f\web\actions\CInlineAction.php(50): HomeController->actionIndex()
#6 D:\javiermu\test\f\web\CController.php(309): CInlineAction->runWithParams()
#7 D:\javiermu\test\f\web\CController.php(287): HomeController->runAction()
#8 D:\javiermu\test\f\web\CController.php(266): HomeController->runActionWithFilters()
#9 D:\javiermu\test\f\web\CWebApplication.php(276): HomeController->run()
#10 D:\javiermu\test\f\web\CWebApplication.php(135): CWebApplication->runController()
#11 D:\javiermu\test\f\base\CApplication.php(162): CWebApplication->processRequest()
#12 D:\javiermu\test\index.php(11): CWebApplication->run()
REQUEST_URI=/test/
2012/12/30 05:18:04 [error] [exception.CException] exception 'CException' with message 'CAssetManager.basePath "D:\javiermu\test\t101\assets" is invalid. Please make sure the directory exists and is writable by the Web server process.' in D:\javiermu\test\y\web\CAssetManager.php:116
Stack trace:
#0 D:\javiermu\test\y\web\CAssetManager.php(101): CAssetManager->setBasePath('D:\javiermu\tes...')
#1 D:\javiermu\test\y\web\CAssetManager.php(219): CAssetManager->getBasePath()
#2 D:\javiermu\test\y\zii\widgets\CListView.php(179): CAssetManager->publish('D:\javiermu\tes...')
#3 D:\javiermu\test\y\web\CBaseController.php(148): CListView->init()
#4 D:\javiermu\test\y\web\CBaseController.php(173): CBaseController->createWidget('zii.widgets.CLi...', Array)
#5 D:\javiermu\test\t101\protected\views\post\index.php(9): CBaseController->widget('zii.widgets.CLi...', Array)
#6 D:\javiermu\test\y\web\CBaseController.php(127): require('D:\javiermu\tes...')
#7 D:\javiermu\test\y\web\CBaseController.php(96): CBaseController->renderInternal('D:\javiermu\tes...', Array, true)
#8 D:\javiermu\test\y\web\CController.php(870): CBaseController->renderFile('D:\javiermu\tes...', Array, true)
#9 D:\javiermu\test\y\web\CController.php(783): CController->renderPartial('index', Array, true)
#10 D:\javiermu\test\t101\protected\controllers\PostController.php(136): CController->render('index', Array)
#11 D:\javiermu\test\y\web\actions\CInlineAction.php(50): PostController->actionIndex()
#12 D:\javiermu\test\y\web\CController.php(309): CInlineAction->runWithParams(Array)
#13 D:\javiermu\test\y\web\filters\CFilterChain.php(134): CController->runAction(Object(CInlineAction))
#14 D:\javiermu\test\y\web\filters\CFilter.php(41): CFilterChain->run()
#15 D:\javiermu\test\y\web\CController.php(1146): CFilter->filter(Object(CFilterChain))
#16 D:\javiermu\test\y\web\filters\CInlineFilter.php(59): CController->filterAccessControl(Object(CFilterChain))
#17 D:\javiermu\test\y\web\filters\CFilterChain.php(131): CInlineFilter->filter(Object(CFilterChain))
#18 D:\javiermu\test\y\web\CController.php(292): CFilterChain->run()
#19 D:\javiermu\test\y\web\CController.php(266): CController->runActionWithFilters(Object(CInlineAction), Array)
#20 D:\javiermu\test\y\web\CWebApplication.php(276): CController->run('')
#21 D:\javiermu\test\y\web\CWebApplication.php(135): CWebApplication->runController('post')
#22 D:\javiermu\test\y\base\CApplication.php(162): CWebApplication->processRequest()
#23 D:\javiermu\test\t101\index.php(11): CApplication->run()
#24 {main}
REQUEST_URI=/t101/index.php/post
---
2012/12/30 05:21:46 [error] [exception.CException] exception 'CException' with message 'CAssetManager.basePath "D:\javiermu\test\t101\assets" is invalid. Please make sure the directory exists and is writable by the Web server process.' in D:\javiermu\test\y\web\CAssetManager.php:116
Stack trace:
#0 D:\javiermu\test\y\web\CAssetManager.php(101): CAssetManager->setBasePath('D:\javiermu\tes...')
#1 D:\javiermu\test\y\web\CAssetManager.php(219): CAssetManager->getBasePath()
#2 D:\javiermu\test\y\zii\widgets\CListView.php(179): CAssetManager->publish('D:\javiermu\tes...')
#3 D:\javiermu\test\y\web\CBaseController.php(148): CListView->init()
#4 D:\javiermu\test\y\web\CBaseController.php(173): CBaseController->createWidget('zii.widgets.CLi...', Array)
#5 D:\javiermu\test\t101\protected\views\post\index.php(9): CBaseController->widget('zii.widgets.CLi...', Array)
#6 D:\javiermu\test\y\web\CBaseController.php(127): require('D:\javiermu\tes...')
#7 D:\javiermu\test\y\web\CBaseController.php(96): CBaseController->renderInternal('D:\javiermu\tes...', Array, true)
#8 D:\javiermu\test\y\web\CController.php(870): CBaseController->renderFile('D:\javiermu\tes...', Array, true)
#9 D:\javiermu\test\y\web\CController.php(783): CController->renderPartial('index', Array, true)
#10 D:\javiermu\test\t101\protected\controllers\PostController.php(136): CController->render('index', Array)
#11 D:\javiermu\test\y\web\actions\CInlineAction.php(50): PostController->actionIndex()
#12 D:\javiermu\test\y\web\CController.php(309): CInlineAction->runWithParams(Array)
#13 D:\javiermu\test\y\web\filters\CFilterChain.php(134): CController->runAction(Object(CInlineAction))
#14 D:\javiermu\test\y\web\filters\CFilter.php(41): CFilterChain->run()
#15 D:\javiermu\test\y\web\CController.php(1146): CFilter->filter(Object(CFilterChain))
#16 D:\javiermu\test\y\web\filters\CInlineFilter.php(59): CController->filterAccessControl(Object(CFilterChain))
#17 D:\javiermu\test\y\web\filters\CFilterChain.php(131): CInlineFilter->filter(Object(CFilterChain))
#18 D:\javiermu\test\y\web\CController.php(292): CFilterChain->run()
#19 D:\javiermu\test\y\web\CController.php(266): CController->runActionWithFilters(Object(CInlineAction), Array)
#20 D:\javiermu\test\y\web\CWebApplication.php(276): CController->run('')
#21 D:\javiermu\test\y\web\CWebApplication.php(135): CWebApplication->runController('post')
#22 D:\javiermu\test\y\base\CApplication.php(162): CWebApplication->processRequest()
#23 D:\javiermu\test\t101\index.php(11): CApplication->run()
#24 {main}
REQUEST_URI=/index.php/post
---
2012/12/30 05:46:38 [error] [php] include(UrlLink.php): failed to open stream: No such file or directory (D:\javiermu\test\y\YiiBase.php:418)
Stack trace:
#0 D:\javiermu\test\y\web\CWidgetFactory.php(147): import()
#1 D:\javiermu\test\y\web\CBaseController.php(147): CWidgetFactory->createWidget()
#2 D:\javiermu\test\t101\protected\views\layouts\_Layout.php(15): HomeController->createWidget()
#3 D:\javiermu\test\y\web\CBaseController.php(127): require()
#4 D:\javiermu\test\y\web\CBaseController.php(96): HomeController->renderInternal()
#5 D:\javiermu\test\y\web\CController.php(785): HomeController->renderFile()
#6 D:\javiermu\test\t101\protected\controllers\HomeController.php(13): HomeController->render()
#7 D:\javiermu\test\y\web\actions\CInlineAction.php(50): HomeController->actionIndex()
#8 D:\javiermu\test\y\web\CController.php(309): CInlineAction->runWithParams()
#9 D:\javiermu\test\y\web\CController.php(287): HomeController->runAction()
#10 D:\javiermu\test\y\web\CController.php(266): HomeController->runActionWithFilters()
#11 D:\javiermu\test\y\web\CWebApplication.php(276): HomeController->run()
#12 D:\javiermu\test\y\web\CWebApplication.php(135): CWebApplication->runController()
#13 D:\javiermu\test\y\base\CApplication.php(162): CWebApplication->processRequest()
#14 D:\javiermu\test\t101\index.php(11): CWebApplication->run()
REQUEST_URI=/
2012/12/30 05:49:31 [error] [exception.CException] exception 'CException' with message 'Property "MUrl.sites" is not defined.' in D:\javiermu\test\y\base\CComponent.php:174
Stack trace:
#0 D:\javiermu\test\y\web\CWidgetFactory.php(162): CComponent->__set('sites', Array)
#1 D:\javiermu\test\y\web\CBaseController.php(147): CWidgetFactory->createWidget(Object(HomeController), 'zii.widgets.MUr...', Array)
#2 D:\javiermu\test\t101\protected\views\layouts\_Layout.php(15): CBaseController->createWidget('zii.widgets.MUr...', Array)
#3 D:\javiermu\test\y\web\CBaseController.php(127): require('D:\javiermu\tes...')
#4 D:\javiermu\test\y\web\CBaseController.php(96): CBaseController->renderInternal('D:\javiermu\tes...', Array, true)
#5 D:\javiermu\test\y\web\CController.php(785): CBaseController->renderFile('D:\javiermu\tes...', Array, true)
#6 D:\javiermu\test\t101\protected\controllers\HomeController.php(13): CController->render('index', 'My hello world!')
#7 D:\javiermu\test\y\web\actions\CInlineAction.php(50): HomeController->actionIndex()
#8 D:\javiermu\test\y\web\CController.php(309): CInlineAction->runWithParams(Array)
#9 D:\javiermu\test\y\web\CController.php(287): CController->runAction(Object(CInlineAction))
#10 D:\javiermu\test\y\web\CController.php(266): CController->runActionWithFilters(Object(CInlineAction), Array)
#11 D:\javiermu\test\y\web\CWebApplication.php(276): CController->run('')
#12 D:\javiermu\test\y\web\CWebApplication.php(135): CWebApplication->runController('')
#13 D:\javiermu\test\y\base\CApplication.php(162): CWebApplication->processRequest()
#14 D:\javiermu\test\t101\index.php(11): CApplication->run()
#15 {main}
REQUEST_URI=/
---
2012/12/30 05:54:25 [error] [exception.CException] exception 'CException' with message 'Property "MUrl.init" is not defined.' in D:\javiermu\test\y\base\CComponent.php:174
Stack trace:
#0 D:\javiermu\test\y\web\CWidgetFactory.php(162): CComponent->__set('init', '')
#1 D:\javiermu\test\y\web\CBaseController.php(147): CWidgetFactory->createWidget(Object(HomeController), 'zii.widgets.MUr...', Array)
#2 D:\javiermu\test\t101\protected\views\layouts\_Layout.php(16): CBaseController->createWidget('zii.widgets.MUr...', Array)
#3 D:\javiermu\test\y\web\CBaseController.php(127): require('D:\javiermu\tes...')
#4 D:\javiermu\test\y\web\CBaseController.php(96): CBaseController->renderInternal('D:\javiermu\tes...', Array, true)
#5 D:\javiermu\test\y\web\CController.php(785): CBaseController->renderFile('D:\javiermu\tes...', Array, true)
#6 D:\javiermu\test\t101\protected\controllers\HomeController.php(13): CController->render('index', 'My hello world!')
#7 D:\javiermu\test\y\web\actions\CInlineAction.php(50): HomeController->actionIndex()
#8 D:\javiermu\test\y\web\CController.php(309): CInlineAction->runWithParams(Array)
#9 D:\javiermu\test\y\web\CController.php(287): CController->runAction(Object(CInlineAction))
#10 D:\javiermu\test\y\web\CController.php(266): CController->runActionWithFilters(Object(CInlineAction), Array)
#11 D:\javiermu\test\y\web\CWebApplication.php(276): CController->run('')
#12 D:\javiermu\test\y\web\CWebApplication.php(135): CWebApplication->runController('')
#13 D:\javiermu\test\y\base\CApplication.php(162): CWebApplication->processRequest()
#14 D:\javiermu\test\t101\index.php(11): CApplication->run()
#15 {main}
REQUEST_URI=/
---
2012/12/30 06:00:51 [error] [exception.CException] exception 'CException' with message 'Alias "zii.widgets.MUrl.css" is invalid. Make sure it points to an existing PHP file.' in D:\javiermu\test\y\YiiBase.php:318
Stack trace:
#0 D:\javiermu\test\y\web\CWidgetFactory.php(147): YiiBase::import('zii.widgets.MUr...', true)
#1 D:\javiermu\test\y\web\CBaseController.php(147): CWidgetFactory->createWidget(Object(HomeController), 'zii.widgets.MUr...', Array)
#2 D:\javiermu\test\y\web\CBaseController.php(173): CBaseController->createWidget('zii.widgets.MUr...', Array)
#3 D:\javiermu\test\t101\protected\views\layouts\_Layout.php(18): CBaseController->widget('zii.widgets.MUr...', Array)
#4 D:\javiermu\test\y\web\CBaseController.php(127): require('D:\javiermu\tes...')
#5 D:\javiermu\test\y\web\CBaseController.php(96): CBaseController->renderInternal('D:\javiermu\tes...', Array, true)
#6 D:\javiermu\test\y\web\CController.php(785): CBaseController->renderFile('D:\javiermu\tes...', Array, true)
#7 D:\javiermu\test\t101\protected\controllers\HomeController.php(13): CController->render('index', 'My hello world!')
#8 D:\javiermu\test\y\web\actions\CInlineAction.php(50): HomeController->actionIndex()
#9 D:\javiermu\test\y\web\CController.php(309): CInlineAction->runWithParams(Array)
#10 D:\javiermu\test\y\web\CController.php(287): CController->runAction(Object(CInlineAction))
#11 D:\javiermu\test\y\web\CController.php(266): CController->runActionWithFilters(Object(CInlineAction), Array)
#12 D:\javiermu\test\y\web\CWebApplication.php(276): CController->run('')
#13 D:\javiermu\test\y\web\CWebApplication.php(135): CWebApplication->runController('')
#14 D:\javiermu\test\y\base\CApplication.php(162): CWebApplication->processRequest()
#15 D:\javiermu\test\t101\index.php(11): CApplication->run()
#16 {main}
REQUEST_URI=/
---
2012/12/30 06:03:04 [error] [exception.CException] exception 'CException' with message 'Property "MCss.0" is not defined.' in D:\javiermu\test\y\base\CComponent.php:174
Stack trace:
#0 D:\javiermu\test\y\web\CWidgetFactory.php(162): CComponent->__set('0', Array)
#1 D:\javiermu\test\y\web\CBaseController.php(147): CWidgetFactory->createWidget(Object(HomeController), 'zii.widgets.MUr...', Array)
#2 D:\javiermu\test\y\web\CBaseController.php(173): CBaseController->createWidget('zii.widgets.MUr...', Array)
#3 D:\javiermu\test\t101\protected\views\layouts\_Layout.php(18): CBaseController->widget('zii.widgets.MUr...', Array)
#4 D:\javiermu\test\y\web\CBaseController.php(127): require('D:\javiermu\tes...')
#5 D:\javiermu\test\y\web\CBaseController.php(96): CBaseController->renderInternal('D:\javiermu\tes...', Array, true)
#6 D:\javiermu\test\y\web\CController.php(785): CBaseController->renderFile('D:\javiermu\tes...', Array, true)
#7 D:\javiermu\test\t101\protected\controllers\HomeController.php(13): CController->render('index', 'My hello world!')
#8 D:\javiermu\test\y\web\actions\CInlineAction.php(50): HomeController->actionIndex()
#9 D:\javiermu\test\y\web\CController.php(309): CInlineAction->runWithParams(Array)
#10 D:\javiermu\test\y\web\CController.php(287): CController->runAction(Object(CInlineAction))
#11 D:\javiermu\test\y\web\CController.php(266): CController->runActionWithFilters(Object(CInlineAction), Array)
#12 D:\javiermu\test\y\web\CWebApplication.php(276): CController->run('')
#13 D:\javiermu\test\y\web\CWebApplication.php(135): CWebApplication->runController('')
#14 D:\javiermu\test\y\base\CApplication.php(162): CWebApplication->processRequest()
#15 D:\javiermu\test\t101\index.php(11): CApplication->run()
#16 {main}
REQUEST_URI=/
---
2012/12/30 06:05:56 [error] [php] include(SELF.php): failed to open stream: No such file or directory (D:\javiermu\test\y\YiiBase.php:418)
Stack trace:
#0 D:\javiermu\test\y\zii\widgets\MUrl.php(14): spl_autoload_call()
#1 D:\javiermu\test\y\web\CBaseController.php(148): MUrl->init()
#2 D:\javiermu\test\t101\protected\views\layouts\_Layout.php(15): HomeController->createWidget()
#3 D:\javiermu\test\y\web\CBaseController.php(127): require()
#4 D:\javiermu\test\y\web\CBaseController.php(96): HomeController->renderInternal()
#5 D:\javiermu\test\y\web\CController.php(785): HomeController->renderFile()
#6 D:\javiermu\test\t101\protected\controllers\HomeController.php(13): HomeController->render()
#7 D:\javiermu\test\y\web\actions\CInlineAction.php(50): HomeController->actionIndex()
#8 D:\javiermu\test\y\web\CController.php(309): CInlineAction->runWithParams()
#9 D:\javiermu\test\y\web\CController.php(287): HomeController->runAction()
#10 D:\javiermu\test\y\web\CController.php(266): HomeController->runActionWithFilters()
#11 D:\javiermu\test\y\web\CWebApplication.php(276): HomeController->run()
#12 D:\javiermu\test\y\web\CWebApplication.php(135): CWebApplication->runController()
#13 D:\javiermu\test\y\base\CApplication.php(162): CWebApplication->processRequest()
#14 D:\javiermu\test\t101\index.php(11): CWebApplication->run()
REQUEST_URI=/
2012/12/30 06:07:16 [error] [php] Array to string conversion (D:\javiermu\test\y\zii\widgets\MUrl.php:14)
Stack trace:
#0 D:\javiermu\test\y\web\CBaseController.php(127): require()
#1 D:\javiermu\test\y\web\CBaseController.php(96): HomeController->renderInternal()
#2 D:\javiermu\test\y\web\CController.php(785): HomeController->renderFile()
#3 D:\javiermu\test\t101\protected\controllers\HomeController.php(13): HomeController->render()
#4 D:\javiermu\test\y\web\actions\CInlineAction.php(50): HomeController->actionIndex()
#5 D:\javiermu\test\y\web\CController.php(309): CInlineAction->runWithParams()
#6 D:\javiermu\test\y\web\CController.php(287): HomeController->runAction()
#7 D:\javiermu\test\y\web\CController.php(266): HomeController->runActionWithFilters()
#8 D:\javiermu\test\y\web\CWebApplication.php(276): HomeController->run()
#9 D:\javiermu\test\y\web\CWebApplication.php(135): CWebApplication->runController()
#10 D:\javiermu\test\y\base\CApplication.php(162): CWebApplication->processRequest()
#11 D:\javiermu\test\t101\index.php(11): CWebApplication->run()
REQUEST_URI=/
2012/12/30 06:17:53 [error] [exception.CException] exception 'CException' with message 'Property "MUrl.js" is not defined.' in D:\javiermu\test\y\base\CComponent.php:174
Stack trace:
#0 D:\javiermu\test\y\web\CWidgetFactory.php(162): CComponent->__set('js', Array)
#1 D:\javiermu\test\y\web\CBaseController.php(147): CWidgetFactory->createWidget(Object(HomeController), 'zii.widgets.MUr...', Array)
#2 D:\javiermu\test\y\web\CBaseController.php(173): CBaseController->createWidget('zii.widgets.MUr...', Array)
#3 D:\javiermu\test\t101\protected\views\layouts\_Layout.php(28): CBaseController->widget('zii.widgets.MUr...', Array)
#4 D:\javiermu\test\y\web\CBaseController.php(127): require('D:\javiermu\tes...')
#5 D:\javiermu\test\y\web\CBaseController.php(96): CBaseController->renderInternal('D:\javiermu\tes...', Array, true)
#6 D:\javiermu\test\y\web\CController.php(785): CBaseController->renderFile('D:\javiermu\tes...', Array, true)
#7 D:\javiermu\test\t101\protected\controllers\HomeController.php(13): CController->render('index', 'My hello world!')
#8 D:\javiermu\test\y\web\actions\CInlineAction.php(50): HomeController->actionIndex()
#9 D:\javiermu\test\y\web\CController.php(309): CInlineAction->runWithParams(Array)
#10 D:\javiermu\test\y\web\CController.php(287): CController->runAction(Object(CInlineAction))
#11 D:\javiermu\test\y\web\CController.php(266): CController->runActionWithFilters(Object(CInlineAction), Array)
#12 D:\javiermu\test\y\web\CWebApplication.php(276): CController->run('')
#13 D:\javiermu\test\y\web\CWebApplication.php(135): CWebApplication->runController('')
#14 D:\javiermu\test\y\base\CApplication.php(162): CWebApplication->processRequest()
#15 D:\javiermu\test\t101\index.php(11): CApplication->run()
#16 {main}
REQUEST_URI=/
---
2012/12/30 06:36:03 [error] [php] Array to string conversion (D:\javiermu\test\t101\protected\views\home\index.php:7)
Stack trace:
#0 D:\javiermu\test\y\web\CController.php(870): HomeController->renderFile()
#1 D:\javiermu\test\y\web\CController.php(783): HomeController->renderPartial()
#2 D:\javiermu\test\t101\protected\controllers\HomeController.php(13): HomeController->render()
#3 D:\javiermu\test\y\web\actions\CInlineAction.php(50): HomeController->actionIndex()
#4 D:\javiermu\test\y\web\CController.php(309): CInlineAction->runWithParams()
#5 D:\javiermu\test\y\web\CController.php(287): HomeController->runAction()
#6 D:\javiermu\test\y\web\CController.php(266): HomeController->runActionWithFilters()
#7 D:\javiermu\test\y\web\CWebApplication.php(276): HomeController->run()
#8 D:\javiermu\test\y\web\CWebApplication.php(135): CWebApplication->runController()
#9 D:\javiermu\test\y\base\CApplication.php(162): CWebApplication->processRequest()
#10 D:\javiermu\test\t101\index.php(11): CWebApplication->run()
REQUEST_URI=/
2012/12/30 07:14:18 [error] [exception.CException] exception 'CException' with message 'Property "CWebApplication.YII_DEBUG" is not defined.' in D:\javiermu\test\y\base\CComponent.php:131
Stack trace:
#0 D:\javiermu\test\y\base\CModule.php(106): CComponent->__get('YII_DEBUG')
#1 D:\javiermu\test\t101\protected\views\layouts\_Layout.php(22): CModule->__get('YII_DEBUG')
#2 D:\javiermu\test\y\web\CBaseController.php(127): require('D:\javiermu\tes...')
#3 D:\javiermu\test\y\web\CBaseController.php(96): CBaseController->renderInternal('D:\javiermu\tes...', Array, true)
#4 D:\javiermu\test\y\web\CController.php(785): CBaseController->renderFile('D:\javiermu\tes...', Array, true)
#5 D:\javiermu\test\t101\protected\controllers\HomeController.php(13): CController->render('index', 'My hello world!')
#6 D:\javiermu\test\y\web\actions\CInlineAction.php(50): HomeController->actionIndex()
#7 D:\javiermu\test\y\web\CController.php(309): CInlineAction->runWithParams(Array)
#8 D:\javiermu\test\y\web\CController.php(287): CController->runAction(Object(CInlineAction))
#9 D:\javiermu\test\y\web\CController.php(266): CController->runActionWithFilters(Object(CInlineAction), Array)
#10 D:\javiermu\test\y\web\CWebApplication.php(276): CController->run('')
#11 D:\javiermu\test\y\web\CWebApplication.php(135): CWebApplication->runController('')
#12 D:\javiermu\test\y\base\CApplication.php(162): CWebApplication->processRequest()
#13 D:\javiermu\test\t101\index.php(11): CApplication->run()
#14 {main}
REQUEST_URI=/
---
2012/12/30 07:43:56 [error] [php] require(D:\javiermu\test\y\web\helpers/../../../webconfig.php): failed to open stream: No such file or directory (D:\javiermu\test\y\web\helpers\CHtml.php:20)
Stack trace:
#0 unknown(0): autoload()
#1 D:\javiermu\test\t101\protected\views\layouts\_Layout.php(16): spl_autoload_call()
#2 D:\javiermu\test\y\web\CBaseController.php(127): require()
#3 D:\javiermu\test\y\web\CBaseController.php(96): HomeController->renderInternal()
#4 D:\javiermu\test\y\web\CController.php(785): HomeController->renderFile()
#5 D:\javiermu\test\t101\protected\controllers\HomeController.php(13): HomeController->render()
#6 D:\javiermu\test\y\web\actions\CInlineAction.php(50): HomeController->actionIndex()
#7 D:\javiermu\test\y\web\CController.php(309): CInlineAction->runWithParams()
#8 D:\javiermu\test\y\web\CController.php(287): HomeController->runAction()
#9 D:\javiermu\test\y\web\CController.php(266): HomeController->runActionWithFilters()
#10 D:\javiermu\test\y\web\CWebApplication.php(276): HomeController->run()
#11 D:\javiermu\test\y\web\CWebApplication.php(135): CWebApplication->runController()
#12 D:\javiermu\test\y\base\CApplication.php(162): CWebApplication->processRequest()
#13 D:\javiermu\test\t101\index.php(11): CWebApplication->run()
REQUEST_URI=/
2012/12/30 07:44:28 [error] [php] require(D:\javiermu\test\y\web\helpers/../../../webconfig.php): failed to open stream: No such file or directory (D:\javiermu\test\y\web\helpers\CHtml.php:21)
Stack trace:
#0 unknown(0): autoload()
#1 D:\javiermu\test\t101\protected\views\layouts\_Layout.php(16): spl_autoload_call()
#2 D:\javiermu\test\y\web\CBaseController.php(127): require()
#3 D:\javiermu\test\y\web\CBaseController.php(96): HomeController->renderInternal()
#4 D:\javiermu\test\y\web\CController.php(785): HomeController->renderFile()
#5 D:\javiermu\test\t101\protected\controllers\HomeController.php(13): HomeController->render()
#6 D:\javiermu\test\y\web\actions\CInlineAction.php(50): HomeController->actionIndex()
#7 D:\javiermu\test\y\web\CController.php(309): CInlineAction->runWithParams()
#8 D:\javiermu\test\y\web\CController.php(287): HomeController->runAction()
#9 D:\javiermu\test\y\web\CController.php(266): HomeController->runActionWithFilters()
#10 D:\javiermu\test\y\web\CWebApplication.php(276): HomeController->run()
#11 D:\javiermu\test\y\web\CWebApplication.php(135): CWebApplication->runController()
#12 D:\javiermu\test\y\base\CApplication.php(162): CWebApplication->processRequest()
#13 D:\javiermu\test\t101\index.php(11): CWebApplication->run()
REQUEST_URI=/
2012/12/30 07:47:06 [error] [php] require_once(D:\javiermu\test\y\web\helpers/../../y/webconfig.php): failed to open stream: No such file or directory (D:\javiermu\test\y\web\helpers\CHtml.php:21)
Stack trace:
#0 unknown(0): autoload()
#1 D:\javiermu\test\t101\protected\views\layouts\_Layout.php(16): spl_autoload_call()
#2 D:\javiermu\test\y\web\CBaseController.php(127): require()
#3 D:\javiermu\test\y\web\CBaseController.php(96): HomeController->renderInternal()
#4 D:\javiermu\test\y\web\CController.php(785): HomeController->renderFile()
#5 D:\javiermu\test\t101\protected\controllers\HomeController.php(13): HomeController->render()
#6 D:\javiermu\test\y\web\actions\CInlineAction.php(50): HomeController->actionIndex()
#7 D:\javiermu\test\y\web\CController.php(309): CInlineAction->runWithParams()
#8 D:\javiermu\test\y\web\CController.php(287): HomeController->runAction()
#9 D:\javiermu\test\y\web\CController.php(266): HomeController->runActionWithFilters()
#10 D:\javiermu\test\y\web\CWebApplication.php(276): HomeController->run()
#11 D:\javiermu\test\y\web\CWebApplication.php(135): CWebApplication->runController()
#12 D:\javiermu\test\y\base\CApplication.php(162): CWebApplication->processRequest()
#13 D:\javiermu\test\t101\index.php(11): CWebApplication->run()
REQUEST_URI=/
2012/12/30 08:20:49 [error] [php] require_once(../webconfig.php): failed to open stream: No such file or directory (D:\javiermu\test\y\web\helpers\CHtml.php:21)
Stack trace:
#0 unknown(0): autoload()
#1 D:\javiermu\test\t101\protected\views\layouts\_Layout.php(16): spl_autoload_call()
#2 D:\javiermu\test\y\web\CBaseController.php(127): require()
#3 D:\javiermu\test\y\web\CBaseController.php(96): HomeController->renderInternal()
#4 D:\javiermu\test\y\web\CController.php(785): HomeController->renderFile()
#5 D:\javiermu\test\t101\protected\controllers\HomeController.php(13): HomeController->render()
#6 D:\javiermu\test\y\web\actions\CInlineAction.php(50): HomeController->actionIndex()
#7 D:\javiermu\test\y\web\CController.php(309): CInlineAction->runWithParams()
#8 D:\javiermu\test\y\web\CController.php(287): HomeController->runAction()
#9 D:\javiermu\test\y\web\CController.php(266): HomeController->runActionWithFilters()
#10 D:\javiermu\test\y\web\CWebApplication.php(276): HomeController->run()
#11 D:\javiermu\test\y\web\CWebApplication.php(135): CWebApplication->runController()
#12 D:\javiermu\test\y\base\CApplication.php(162): CWebApplication->processRequest()
#13 D:\javiermu\test\t101\index.php(11): CWebApplication->run()
REQUEST_URI=/
2012/12/30 08:21:08 [error] [php] require_once(../../webconfig.php): failed to open stream: No such file or directory (D:\javiermu\test\y\web\helpers\CHtml.php:21)
Stack trace:
#0 unknown(0): autoload()
#1 D:\javiermu\test\t101\protected\views\layouts\_Layout.php(16): spl_autoload_call()
#2 D:\javiermu\test\y\web\CBaseController.php(127): require()
#3 D:\javiermu\test\y\web\CBaseController.php(96): HomeController->renderInternal()
#4 D:\javiermu\test\y\web\CController.php(785): HomeController->renderFile()
#5 D:\javiermu\test\t101\protected\controllers\HomeController.php(13): HomeController->render()
#6 D:\javiermu\test\y\web\actions\CInlineAction.php(50): HomeController->actionIndex()
#7 D:\javiermu\test\y\web\CController.php(309): CInlineAction->runWithParams()
#8 D:\javiermu\test\y\web\CController.php(287): HomeController->runAction()
#9 D:\javiermu\test\y\web\CController.php(266): HomeController->runActionWithFilters()
#10 D:\javiermu\test\y\web\CWebApplication.php(276): HomeController->run()
#11 D:\javiermu\test\y\web\CWebApplication.php(135): CWebApplication->runController()
#12 D:\javiermu\test\y\base\CApplication.php(162): CWebApplication->processRequest()
#13 D:\javiermu\test\t101\index.php(11): CWebApplication->run()
REQUEST_URI=/
2012/12/30 08:21:18 [error] [php] require_once(/../../webconfig.php): failed to open stream: No such file or directory (D:\javiermu\test\y\web\helpers\CHtml.php:21)
Stack trace:
#0 unknown(0): autoload()
#1 D:\javiermu\test\t101\protected\views\layouts\_Layout.php(16): spl_autoload_call()
#2 D:\javiermu\test\y\web\CBaseController.php(127): require()
#3 D:\javiermu\test\y\web\CBaseController.php(96): HomeController->renderInternal()
#4 D:\javiermu\test\y\web\CController.php(785): HomeController->renderFile()
#5 D:\javiermu\test\t101\protected\controllers\HomeController.php(13): HomeController->render()
#6 D:\javiermu\test\y\web\actions\CInlineAction.php(50): HomeController->actionIndex()
#7 D:\javiermu\test\y\web\CController.php(309): CInlineAction->runWithParams()
#8 D:\javiermu\test\y\web\CController.php(287): HomeController->runAction()
#9 D:\javiermu\test\y\web\CController.php(266): HomeController->runActionWithFilters()
#10 D:\javiermu\test\y\web\CWebApplication.php(276): HomeController->run()
#11 D:\javiermu\test\y\web\CWebApplication.php(135): CWebApplication->runController()
#12 D:\javiermu\test\y\base\CApplication.php(162): CWebApplication->processRequest()
#13 D:\javiermu\test\t101\index.php(11): CWebApplication->run()
REQUEST_URI=/
2012/12/30 08:30:14 [error] [php] Array to string conversion (D:\javiermu\test\y\web\helpers\CHtml.php:280)
Stack trace:
#0 D:\javiermu\test\y\web\CBaseController.php(96): HomeController->renderInternal()
#1 D:\javiermu\test\y\web\CController.php(785): HomeController->renderFile()
#2 D:\javiermu\test\t101\protected\controllers\HomeController.php(13): HomeController->render()
#3 D:\javiermu\test\y\web\actions\CInlineAction.php(50): HomeController->actionIndex()
#4 D:\javiermu\test\y\web\CController.php(309): CInlineAction->runWithParams()
#5 D:\javiermu\test\y\web\CController.php(287): HomeController->runAction()
#6 D:\javiermu\test\y\web\CController.php(266): HomeController->runActionWithFilters()
#7 D:\javiermu\test\y\web\CWebApplication.php(276): HomeController->run()
#8 D:\javiermu\test\y\web\CWebApplication.php(135): CWebApplication->runController()
#9 D:\javiermu\test\y\base\CApplication.php(162): CWebApplication->processRequest()
#10 D:\javiermu\test\t101\index.php(11): CWebApplication->run()
REQUEST_URI=/
2012/12/30 08:31:07 [error] [php] Array to string conversion (D:\javiermu\test\y\web\helpers\CHtml.php:280)
Stack trace:
#0 D:\javiermu\test\y\web\CBaseController.php(96): HomeController->renderInternal()
#1 D:\javiermu\test\y\web\CController.php(785): HomeController->renderFile()
#2 D:\javiermu\test\t101\protected\controllers\HomeController.php(13): HomeController->render()
#3 D:\javiermu\test\y\web\actions\CInlineAction.php(50): HomeController->actionIndex()
#4 D:\javiermu\test\y\web\CController.php(309): CInlineAction->runWithParams()
#5 D:\javiermu\test\y\web\CController.php(287): HomeController->runAction()
#6 D:\javiermu\test\y\web\CController.php(266): HomeController->runActionWithFilters()
#7 D:\javiermu\test\y\web\CWebApplication.php(276): HomeController->run()
#8 D:\javiermu\test\y\web\CWebApplication.php(135): CWebApplication->runController()
#9 D:\javiermu\test\y\base\CApplication.php(162): CWebApplication->processRequest()
#10 D:\javiermu\test\t101\index.php(11): CWebApplication->run()
REQUEST_URI=/
2012/12/30 08:31:36 [error] [php] Array to string conversion (D:\javiermu\test\y\web\helpers\CHtml.php:280)
Stack trace:
#0 D:\javiermu\test\y\web\CBaseController.php(96): HomeController->renderInternal()
#1 D:\javiermu\test\y\web\CController.php(785): HomeController->renderFile()
#2 D:\javiermu\test\t101\protected\controllers\HomeController.php(13): HomeController->render()
#3 D:\javiermu\test\y\web\actions\CInlineAction.php(50): HomeController->actionIndex()
#4 D:\javiermu\test\y\web\CController.php(309): CInlineAction->runWithParams()
#5 D:\javiermu\test\y\web\CController.php(287): HomeController->runAction()
#6 D:\javiermu\test\y\web\CController.php(266): HomeController->runActionWithFilters()
#7 D:\javiermu\test\y\web\CWebApplication.php(276): HomeController->run()
#8 D:\javiermu\test\y\web\CWebApplication.php(135): CWebApplication->runController()
#9 D:\javiermu\test\y\base\CApplication.php(162): CWebApplication->processRequest()
#10 D:\javiermu\test\t101\index.php(11): CWebApplication->run()
REQUEST_URI=/
2012/12/30 08:54:38 [error] [php] Undefined variable: new_url (D:\javiermu\test\y\web\helpers\CHtml.php:280)
Stack trace:
#0 D:\javiermu\test\y\web\CBaseController.php(96): HomeController->renderInternal()
#1 D:\javiermu\test\y\web\CController.php(785): HomeController->renderFile()
#2 D:\javiermu\test\t101\protected\controllers\HomeController.php(13): HomeController->render()
#3 D:\javiermu\test\y\web\actions\CInlineAction.php(50): HomeController->actionIndex()
#4 D:\javiermu\test\y\web\CController.php(309): CInlineAction->runWithParams()
#5 D:\javiermu\test\y\web\CController.php(287): HomeController->runAction()
#6 D:\javiermu\test\y\web\CController.php(266): HomeController->runActionWithFilters()
#7 D:\javiermu\test\y\web\CWebApplication.php(276): HomeController->run()
#8 D:\javiermu\test\y\web\CWebApplication.php(135): CWebApplication->runController()
#9 D:\javiermu\test\y\base\CApplication.php(162): CWebApplication->processRequest()
#10 D:\javiermu\test\t101\index.php(11): CWebApplication->run()
REQUEST_URI=/
2012/12/30 09:13:16 [error] [php] include(CUrl.php): failed to open stream: No such file or directory (D:\javiermu\test\y\YiiBase.php:418)
Stack trace:
#0 D:\javiermu\test\t101\protected\views\layouts\_Header.php(8): spl_autoload_call()
#1 D:\javiermu\test\y\web\CBaseController.php(127): require()
#2 D:\javiermu\test\y\web\CBaseController.php(96): HomeController->renderInternal()
#3 D:\javiermu\test\y\web\widgets\CContentDecorator.php(77): HomeController->renderFile()
#4 D:\javiermu\test\y\web\widgets\CContentDecorator.php(55): CContentDecorator->decorate()
#5 D:\javiermu\test\y\web\widgets\COutputProcessor.php(45): CContentDecorator->processOutput()
#6 D:\javiermu\test\y\web\CBaseController.php(207): CContentDecorator->run()
#7 D:\javiermu\test\y\web\CBaseController.php(301): HomeController->endWidget()
#8 D:\javiermu\test\t101\protected\views\layouts\_Layout.php(29): HomeController->endContent()
#9 D:\javiermu\test\y\web\CBaseController.php(127): require()
#10 D:\javiermu\test\y\web\CBaseController.php(96): HomeController->renderInternal()
#11 D:\javiermu\test\y\web\CController.php(785): HomeController->renderFile()
#12 D:\javiermu\test\t101\protected\controllers\HomeController.php(13): HomeController->render()
#13 D:\javiermu\test\y\web\actions\CInlineAction.php(50): HomeController->actionIndex()
#14 D:\javiermu\test\y\web\CController.php(309): CInlineAction->runWithParams()
#15 D:\javiermu\test\y\web\CController.php(287): HomeController->runAction()
#16 D:\javiermu\test\y\web\CController.php(266): HomeController->runActionWithFilters()
#17 D:\javiermu\test\y\web\CWebApplication.php(276): HomeController->run()
#18 D:\javiermu\test\y\web\CWebApplication.php(135): CWebApplication->runController()
#19 D:\javiermu\test\y\base\CApplication.php(162): CWebApplication->processRequest()
#20 D:\javiermu\test\t101\index.php(11): CWebApplication->run()
REQUEST_URI=/
2012/12/30 09:15:35 [error] [php] include(CUrl.php): failed to open stream: No such file or directory (D:\javiermu\test\y\YiiBase.php:418)
Stack trace:
#0 D:\javiermu\test\t101\protected\views\layouts\_Header.php(8): spl_autoload_call()
#1 D:\javiermu\test\y\web\CBaseController.php(127): require()
#2 D:\javiermu\test\y\web\CBaseController.php(96): HomeController->renderInternal()
#3 D:\javiermu\test\y\web\widgets\CContentDecorator.php(77): HomeController->renderFile()
#4 D:\javiermu\test\y\web\widgets\CContentDecorator.php(55): CContentDecorator->decorate()
#5 D:\javiermu\test\y\web\widgets\COutputProcessor.php(45): CContentDecorator->processOutput()
#6 D:\javiermu\test\y\web\CBaseController.php(207): CContentDecorator->run()
#7 D:\javiermu\test\y\web\CBaseController.php(301): HomeController->endWidget()
#8 D:\javiermu\test\t101\protected\views\layouts\_Layout.php(29): HomeController->endContent()
#9 D:\javiermu\test\y\web\CBaseController.php(127): require()
#10 D:\javiermu\test\y\web\CBaseController.php(96): HomeController->renderInternal()
#11 D:\javiermu\test\y\web\CController.php(785): HomeController->renderFile()
#12 D:\javiermu\test\t101\protected\controllers\HomeController.php(13): HomeController->render()
#13 D:\javiermu\test\y\web\actions\CInlineAction.php(50): HomeController->actionIndex()
#14 D:\javiermu\test\y\web\CController.php(309): CInlineAction->runWithParams()
#15 D:\javiermu\test\y\web\CController.php(287): HomeController->runAction()
#16 D:\javiermu\test\y\web\CController.php(266): HomeController->runActionWithFilters()
#17 D:\javiermu\test\y\web\CWebApplication.php(276): HomeController->run()
#18 D:\javiermu\test\y\web\CWebApplication.php(135): CWebApplication->runController()
#19 D:\javiermu\test\y\base\CApplication.php(162): CWebApplication->processRequest()
#20 D:\javiermu\test\t101\index.php(11): CWebApplication->run()
REQUEST_URI=/
2012/12/30 09:23:26 [error] [php] include(CUrl.php): failed to open stream: No such file or directory (D:\javiermu\test\y\YiiBase.php:418)
Stack trace:
#0 D:\javiermu\test\t101\protected\views\layouts\_Header.php(8): spl_autoload_call()
#1 D:\javiermu\test\y\web\CBaseController.php(127): require()
#2 D:\javiermu\test\y\web\CBaseController.php(96): HomeController->renderInternal()
#3 D:\javiermu\test\y\web\widgets\CContentDecorator.php(77): HomeController->renderFile()
#4 D:\javiermu\test\y\web\widgets\CContentDecorator.php(55): CContentDecorator->decorate()
#5 D:\javiermu\test\y\web\widgets\COutputProcessor.php(45): CContentDecorator->processOutput()
#6 D:\javiermu\test\y\web\CBaseController.php(207): CContentDecorator->run()
#7 D:\javiermu\test\y\web\CBaseController.php(301): HomeController->endWidget()
#8 D:\javiermu\test\t101\protected\views\layouts\_Layout.php(29): HomeController->endContent()
#9 D:\javiermu\test\y\web\CBaseController.php(127): require()
#10 D:\javiermu\test\y\web\CBaseController.php(96): HomeController->renderInternal()
#11 D:\javiermu\test\y\web\CController.php(785): HomeController->renderFile()
#12 D:\javiermu\test\t101\protected\controllers\HomeController.php(13): HomeController->render()
#13 D:\javiermu\test\y\web\actions\CInlineAction.php(50): HomeController->actionIndex()
#14 D:\javiermu\test\y\web\CController.php(309): CInlineAction->runWithParams()
#15 D:\javiermu\test\y\web\CController.php(287): HomeController->runAction()
#16 D:\javiermu\test\y\web\CController.php(266): HomeController->runActionWithFilters()
#17 D:\javiermu\test\y\web\CWebApplication.php(276): HomeController->run()
#18 D:\javiermu\test\y\web\CWebApplication.php(135): CWebApplication->runController()
#19 D:\javiermu\test\y\base\CApplication.php(162): CWebApplication->processRequest()
#20 D:\javiermu\test\t101\index.php(11): CWebApplication->run()
REQUEST_URI=/
2012/12/30 09:23:47 [error] [php] include(CUrl.php): failed to open stream: No such file or directory (D:\javiermu\test\y\YiiBase.php:418)
Stack trace:
#0 D:\javiermu\test\t101\protected\views\layouts\_Header.php(8): spl_autoload_call()
#1 D:\javiermu\test\y\web\CBaseController.php(127): require()
#2 D:\javiermu\test\y\web\CBaseController.php(96): HomeController->renderInternal()
#3 D:\javiermu\test\y\web\widgets\CContentDecorator.php(77): HomeController->renderFile()
#4 D:\javiermu\test\y\web\widgets\CContentDecorator.php(55): CContentDecorator->decorate()
#5 D:\javiermu\test\y\web\widgets\COutputProcessor.php(45): CContentDecorator->processOutput()
#6 D:\javiermu\test\y\web\CBaseController.php(207): CContentDecorator->run()
#7 D:\javiermu\test\y\web\CBaseController.php(301): HomeController->endWidget()
#8 D:\javiermu\test\t101\protected\views\layouts\_Layout.php(29): HomeController->endContent()
#9 D:\javiermu\test\y\web\CBaseController.php(127): require()
#10 D:\javiermu\test\y\web\CBaseController.php(96): HomeController->renderInternal()
#11 D:\javiermu\test\y\web\CController.php(785): HomeController->renderFile()
#12 D:\javiermu\test\t101\protected\controllers\HomeController.php(13): HomeController->render()
#13 D:\javiermu\test\y\web\actions\CInlineAction.php(50): HomeController->actionIndex()
#14 D:\javiermu\test\y\web\CController.php(309): CInlineAction->runWithParams()
#15 D:\javiermu\test\y\web\CController.php(287): HomeController->runAction()
#16 D:\javiermu\test\y\web\CController.php(266): HomeController->runActionWithFilters()
#17 D:\javiermu\test\y\web\CWebApplication.php(276): HomeController->run()
#18 D:\javiermu\test\y\web\CWebApplication.php(135): CWebApplication->runController()
#19 D:\javiermu\test\y\base\CApplication.php(162): CWebApplication->processRequest()
#20 D:\javiermu\test\t101\index.php(11): CWebApplication->run()
REQUEST_URI=/
2012/12/30 09:25:57 [error] [php] include(CUrl.php): failed to open stream: No such file or directory (D:\javiermu\test\y\YiiBase.php:418)
Stack trace:
#0 D:\javiermu\test\t101\protected\views\layouts\_Header.php(8): spl_autoload_call()
#1 D:\javiermu\test\y\web\CBaseController.php(127): require()
#2 D:\javiermu\test\y\web\CBaseController.php(96): HomeController->renderInternal()
#3 D:\javiermu\test\y\web\widgets\CContentDecorator.php(77): HomeController->renderFile()
#4 D:\javiermu\test\y\web\widgets\CContentDecorator.php(55): CContentDecorator->decorate()
#5 D:\javiermu\test\y\web\widgets\COutputProcessor.php(45): CContentDecorator->processOutput()
#6 D:\javiermu\test\y\web\CBaseController.php(207): CContentDecorator->run()
#7 D:\javiermu\test\y\web\CBaseController.php(301): HomeController->endWidget()
#8 D:\javiermu\test\t101\protected\views\layouts\_Layout.php(29): HomeController->endContent()
#9 D:\javiermu\test\y\web\CBaseController.php(127): require()
#10 D:\javiermu\test\y\web\CBaseController.php(96): HomeController->renderInternal()
#11 D:\javiermu\test\y\web\CController.php(785): HomeController->renderFile()
#12 D:\javiermu\test\t101\protected\controllers\HomeController.php(13): HomeController->render()
#13 D:\javiermu\test\y\web\actions\CInlineAction.php(50): HomeController->actionIndex()
#14 D:\javiermu\test\y\web\CController.php(309): CInlineAction->runWithParams()
#15 D:\javiermu\test\y\web\CController.php(287): HomeController->runAction()
#16 D:\javiermu\test\y\web\CController.php(266): HomeController->runActionWithFilters()
#17 D:\javiermu\test\y\web\CWebApplication.php(276): HomeController->run()
#18 D:\javiermu\test\y\web\CWebApplication.php(135): CWebApplication->runController()
#19 D:\javiermu\test\y\base\CApplication.php(162): CWebApplication->processRequest()
#20 D:\javiermu\test\t101\index.php(11): CWebApplication->run()
REQUEST_URI=/
2012/12/30 09:30:20 [error] [php] include(CUrl.php): failed to open stream: No such file or directory (D:\javiermu\test\y\YiiBase.php:418)
Stack trace:
#0 D:\javiermu\test\t101\protected\views\layouts\_Header.php(8): spl_autoload_call()
#1 D:\javiermu\test\y\web\CBaseController.php(127): require()
#2 D:\javiermu\test\y\web\CBaseController.php(96): HomeController->renderInternal()
#3 D:\javiermu\test\y\web\widgets\CContentDecorator.php(77): HomeController->renderFile()
#4 D:\javiermu\test\y\web\widgets\CContentDecorator.php(55): CContentDecorator->decorate()
#5 D:\javiermu\test\y\web\widgets\COutputProcessor.php(45): CContentDecorator->processOutput()
#6 D:\javiermu\test\y\web\CBaseController.php(207): CContentDecorator->run()
#7 D:\javiermu\test\y\web\CBaseController.php(301): HomeController->endWidget()
#8 D:\javiermu\test\t101\protected\views\layouts\_Layout.php(29): HomeController->endContent()
#9 D:\javiermu\test\y\web\CBaseController.php(127): require()
#10 D:\javiermu\test\y\web\CBaseController.php(96): HomeController->renderInternal()
#11 D:\javiermu\test\y\web\CController.php(785): HomeController->renderFile()
#12 D:\javiermu\test\t101\protected\controllers\HomeController.php(13): HomeController->render()
#13 D:\javiermu\test\y\web\actions\CInlineAction.php(50): HomeController->actionIndex()
#14 D:\javiermu\test\y\web\CController.php(309): CInlineAction->runWithParams()
#15 D:\javiermu\test\y\web\CController.php(287): HomeController->runAction()
#16 D:\javiermu\test\y\web\CController.php(266): HomeController->runActionWithFilters()
#17 D:\javiermu\test\y\web\CWebApplication.php(276): HomeController->run()
#18 D:\javiermu\test\y\web\CWebApplication.php(135): CWebApplication->runController()
#19 D:\javiermu\test\y\base\CApplication.php(162): CWebApplication->processRequest()
#20 D:\javiermu\test\t101\index.php(11): CWebApplication->run()
REQUEST_URI=/
2012/12/30 09:33:38 [error] [php] Use of undefined constant system - assumed 'system' (D:\javiermu\test\t101\protected\views\layouts\_Header.php:8)
Stack trace:
#0 D:\javiermu\test\y\web\widgets\CContentDecorator.php(77): HomeController->renderFile()
#1 D:\javiermu\test\y\web\widgets\CContentDecorator.php(55): CContentDecorator->decorate()
#2 D:\javiermu\test\y\web\widgets\COutputProcessor.php(45): CContentDecorator->processOutput()
#3 D:\javiermu\test\y\web\CBaseController.php(207): CContentDecorator->run()
#4 D:\javiermu\test\y\web\CBaseController.php(301): HomeController->endWidget()
#5 D:\javiermu\test\t101\protected\views\layouts\_Layout.php(29): HomeController->endContent()
#6 D:\javiermu\test\y\web\CBaseController.php(127): require()
#7 D:\javiermu\test\y\web\CBaseController.php(96): HomeController->renderInternal()
#8 D:\javiermu\test\y\web\CController.php(785): HomeController->renderFile()
#9 D:\javiermu\test\t101\protected\controllers\HomeController.php(13): HomeController->render()
#10 D:\javiermu\test\y\web\actions\CInlineAction.php(50): HomeController->actionIndex()
#11 D:\javiermu\test\y\web\CController.php(309): CInlineAction->runWithParams()
#12 D:\javiermu\test\y\web\CController.php(287): HomeController->runAction()
#13 D:\javiermu\test\y\web\CController.php(266): HomeController->runActionWithFilters()
#14 D:\javiermu\test\y\web\CWebApplication.php(276): HomeController->run()
#15 D:\javiermu\test\y\web\CWebApplication.php(135): CWebApplication->runController()
#16 D:\javiermu\test\y\base\CApplication.php(162): CWebApplication->processRequest()
#17 D:\javiermu\test\t101\index.php(11): CWebApplication->run()
REQUEST_URI=/
2012/12/30 09:38:31 [error] [php] include(CUrl.php): failed to open stream: No such file or directory (D:\javiermu\test\y\YiiBase.php:418)
Stack trace:
#0 D:\javiermu\test\t101\protected\views\layouts\_Header.php(8): spl_autoload_call()
#1 D:\javiermu\test\y\web\CBaseController.php(127): require()
#2 D:\javiermu\test\y\web\CBaseController.php(96): HomeController->renderInternal()
#3 D:\javiermu\test\y\web\widgets\CContentDecorator.php(77): HomeController->renderFile()
#4 D:\javiermu\test\y\web\widgets\CContentDecorator.php(55): CContentDecorator->decorate()
#5 D:\javiermu\test\y\web\widgets\COutputProcessor.php(45): CContentDecorator->processOutput()
#6 D:\javiermu\test\y\web\CBaseController.php(207): CContentDecorator->run()
#7 D:\javiermu\test\y\web\CBaseController.php(301): HomeController->endWidget()
#8 D:\javiermu\test\t101\protected\views\layouts\_Layout.php(29): HomeController->endContent()
#9 D:\javiermu\test\y\web\CBaseController.php(127): require()
#10 D:\javiermu\test\y\web\CBaseController.php(96): HomeController->renderInternal()
#11 D:\javiermu\test\y\web\CController.php(785): HomeController->renderFile()
#12 D:\javiermu\test\t101\protected\controllers\HomeController.php(13): HomeController->render()
#13 D:\javiermu\test\y\web\actions\CInlineAction.php(50): HomeController->actionIndex()
#14 D:\javiermu\test\y\web\CController.php(309): CInlineAction->runWithParams()
#15 D:\javiermu\test\y\web\CController.php(287): HomeController->runAction()
#16 D:\javiermu\test\y\web\CController.php(266): HomeController->runActionWithFilters()
#17 D:\javiermu\test\y\web\CWebApplication.php(276): HomeController->run()
#18 D:\javiermu\test\y\web\CWebApplication.php(135): CWebApplication->runController()
#19 D:\javiermu\test\y\base\CApplication.php(162): CWebApplication->processRequest()
#20 D:\javiermu\test\t101\index.php(11): CWebApplication->run()
REQUEST_URI=/
2012/12/30 09:48:31 [error] [php] Invalid argument supplied for foreach() (D:\javiermu\test\y\web\helpers\CUrl.php:82)
Stack trace:
#0 D:\javiermu\test\y\web\CBaseController.php(96): HomeController->renderInternal()
#1 D:\javiermu\test\y\web\CController.php(870): HomeController->renderFile()
#2 D:\javiermu\test\y\web\CController.php(783): HomeController->renderPartial()
#3 D:\javiermu\test\t101\protected\controllers\HomeController.php(13): HomeController->render()
#4 D:\javiermu\test\y\web\actions\CInlineAction.php(50): HomeController->actionIndex()
#5 D:\javiermu\test\y\web\CController.php(309): CInlineAction->runWithParams()
#6 D:\javiermu\test\y\web\CController.php(287): HomeController->runAction()
#7 D:\javiermu\test\y\web\CController.php(266): HomeController->runActionWithFilters()
#8 D:\javiermu\test\y\web\CWebApplication.php(276): HomeController->run()
#9 D:\javiermu\test\y\web\CWebApplication.php(135): CWebApplication->runController()
#10 D:\javiermu\test\y\base\CApplication.php(162): CWebApplication->processRequest()
#11 D:\javiermu\test\t101\index.php(11): CWebApplication->run()
REQUEST_URI=/
2012/12/30 09:49:04 [error] [php] Invalid argument supplied for foreach() (D:\javiermu\test\y\web\helpers\CUrl.php:82)
Stack trace:
#0 D:\javiermu\test\y\web\CBaseController.php(96): HomeController->renderInternal()
#1 D:\javiermu\test\y\web\CController.php(870): HomeController->renderFile()
#2 D:\javiermu\test\y\web\CController.php(783): HomeController->renderPartial()
#3 D:\javiermu\test\t101\protected\controllers\HomeController.php(13): HomeController->render()
#4 D:\javiermu\test\y\web\actions\CInlineAction.php(50): HomeController->actionIndex()
#5 D:\javiermu\test\y\web\CController.php(309): CInlineAction->runWithParams()
#6 D:\javiermu\test\y\web\CController.php(287): HomeController->runAction()
#7 D:\javiermu\test\y\web\CController.php(266): HomeController->runActionWithFilters()
#8 D:\javiermu\test\y\web\CWebApplication.php(276): HomeController->run()
#9 D:\javiermu\test\y\web\CWebApplication.php(135): CWebApplication->runController()
#10 D:\javiermu\test\y\base\CApplication.php(162): CWebApplication->processRequest()
#11 D:\javiermu\test\t101\index.php(11): CWebApplication->run()
REQUEST_URI=/
2012/12/30 10:35:02 [error] [php] Illegal string offset 'class' (D:\javiermu\test\y\zii\widgets\CMenu.php:201)
Stack trace:
#0 D:\javiermu\test\y\web\CBaseController.php(174): CMenu->run()
#1 D:\javiermu\test\t101\protected\views\layouts\_Menu.php(22): HomeController->widget()
#2 D:\javiermu\test\y\web\CBaseController.php(127): require()
#3 D:\javiermu\test\y\web\CBaseController.php(96): HomeController->renderInternal()
#4 D:\javiermu\test\y\web\widgets\CContentDecorator.php(77): HomeController->renderFile()
#5 D:\javiermu\test\y\web\widgets\CContentDecorator.php(55): CContentDecorator->decorate()
#6 D:\javiermu\test\y\web\widgets\COutputProcessor.php(45): CContentDecorator->processOutput()
#7 D:\javiermu\test\y\web\CBaseController.php(207): CContentDecorator->run()
#8 D:\javiermu\test\y\web\CBaseController.php(301): HomeController->endWidget()
#9 D:\javiermu\test\t101\protected\views\layouts\_Layout.php(43): HomeController->endContent()
#10 D:\javiermu\test\y\web\CBaseController.php(127): require()
#11 D:\javiermu\test\y\web\CBaseController.php(96): HomeController->renderInternal()
#12 D:\javiermu\test\y\web\CController.php(785): HomeController->renderFile()
#13 D:\javiermu\test\t101\protected\controllers\HomeController.php(13): HomeController->render()
#14 D:\javiermu\test\y\web\actions\CInlineAction.php(50): HomeController->actionIndex()
#15 D:\javiermu\test\y\web\CController.php(309): CInlineAction->runWithParams()
#16 D:\javiermu\test\y\web\CController.php(287): HomeController->runAction()
#17 D:\javiermu\test\y\web\CController.php(266): HomeController->runActionWithFilters()
#18 D:\javiermu\test\y\web\CWebApplication.php(276): HomeController->run()
#19 D:\javiermu\test\y\web\CWebApplication.php(135): CWebApplication->runController()
#20 D:\javiermu\test\y\base\CApplication.php(162): CWebApplication->processRequest()
#21 D:\javiermu\test\t101\index.php(11): CWebApplication->run()
REQUEST_URI=/
2012/12/30 10:37:31 [error] [exception.CHttpException.404] exception 'CHttpException' with message 'Unable to resolve the request "about/index".' in D:\javiermu\test\y\web\CWebApplication.php:280
Stack trace:
#0 D:\javiermu\test\y\web\CWebApplication.php(135): CWebApplication->runController('about/index')
#1 D:\javiermu\test\y\base\CApplication.php(162): CWebApplication->processRequest()
#2 D:\javiermu\test\t101\index.php(11): CApplication->run()
#3 {main}
REQUEST_URI=/index.php/about/index
HTTP_REFERER=http://localhost:801/
---
2012/12/30 10:37:44 [error] [exception.CHttpException.404] exception 'CHttpException' with message 'Unable to resolve the request "about".' in D:\javiermu\test\y\web\CWebApplication.php:280
Stack trace:
#0 D:\javiermu\test\y\web\CWebApplication.php(135): CWebApplication->runController('about')
#1 D:\javiermu\test\y\base\CApplication.php(162): CWebApplication->processRequest()
#2 D:\javiermu\test\t101\index.php(11): CApplication->run()
#3 {main}
REQUEST_URI=/index.php/about/
---
2012/12/30 10:37:55 [error] [exception.CHttpException.404] exception 'CHttpException' with message 'Unable to resolve the request "about".' in D:\javiermu\test\y\web\CWebApplication.php:280
Stack trace:
#0 D:\javiermu\test\y\web\CWebApplication.php(135): CWebApplication->runController('about')
#1 D:\javiermu\test\y\base\CApplication.php(162): CWebApplication->processRequest()
#2 D:\javiermu\test\t101\index.php(11): CApplication->run()
#3 {main}
REQUEST_URI=/index.php/about/
---
2012/12/30 10:38:04 [error] [exception.CHttpException.404] exception 'CHttpException' with message 'Unable to resolve the request "about".' in D:\javiermu\test\y\web\CWebApplication.php:280
Stack trace:
#0 D:\javiermu\test\y\web\CWebApplication.php(135): CWebApplication->runController('about')
#1 D:\javiermu\test\y\base\CApplication.php(162): CWebApplication->processRequest()
#2 D:\javiermu\test\t101\index.php(11): CApplication->run()
#3 {main}
REQUEST_URI=/about
---
2012/12/30 10:38:16 [error] [exception.CHttpException.404] exception 'CHttpException' with message 'Unable to resolve the request "about".' in D:\javiermu\test\y\web\CWebApplication.php:280
Stack trace:
#0 D:\javiermu\test\y\web\CWebApplication.php(135): CWebApplication->runController('about')
#1 D:\javiermu\test\y\base\CApplication.php(162): CWebApplication->processRequest()
#2 D:\javiermu\test\t101\index.php(11): CApplication->run()
#3 {main}
REQUEST_URI=/index.php/about/
---
2012/12/30 10:40:03 [error] [exception.CHttpException.404] exception 'CHttpException' with message 'Unable to resolve the request "about/index".' in D:\javiermu\test\y\web\CWebApplication.php:280
Stack trace:
#0 D:\javiermu\test\y\web\CWebApplication.php(135): CWebApplication->runController('about/index')
#1 D:\javiermu\test\y\base\CApplication.php(162): CWebApplication->processRequest()
#2 D:\javiermu\test\t101\index.php(11): CApplication->run()
#3 {main}
REQUEST_URI=/index.php/about/index
HTTP_REFERER=http://localhost:801/
---
2012/12/30 10:40:28 [error] [exception.CHttpException.404] exception 'CHttpException' with message 'Unable to resolve the request "about".' in D:\javiermu\test\y\web\CWebApplication.php:280
Stack trace:
#0 D:\javiermu\test\y\web\CWebApplication.php(135): CWebApplication->runController('about')
#1 D:\javiermu\test\y\base\CApplication.php(162): CWebApplication->processRequest()
#2 D:\javiermu\test\t101\index.php(11): CApplication->run()
#3 {main}
REQUEST_URI=/index.php/about/
---
2012/12/30 10:43:56 [error] [exception.CHttpException.404] exception 'CHttpException' with message 'Unable to resolve the request "about".' in D:\javiermu\test\y\web\CWebApplication.php:280
Stack trace:
#0 D:\javiermu\test\y\web\CWebApplication.php(135): CWebApplication->runController('about')
#1 D:\javiermu\test\y\base\CApplication.php(162): CWebApplication->processRequest()
#2 D:\javiermu\test\t101\index.php(11): CApplication->run()
#3 {main}
REQUEST_URI=/index.php?r=about
---
2012/12/30 10:44:08 [error] [exception.CHttpException.404] exception 'CHttpException' with message 'Unable to resolve the request "about".' in D:\javiermu\test\y\web\CWebApplication.php:280
Stack trace:
#0 D:\javiermu\test\y\web\CWebApplication.php(135): CWebApplication->runController('about')
#1 D:\javiermu\test\y\base\CApplication.php(162): CWebApplication->processRequest()
#2 D:\javiermu\test\t101\index.php(11): CApplication->run()
#3 {main}
REQUEST_URI=/index.php?r=about
---
2012/12/30 10:44:14 [error] [exception.CHttpException.404] exception 'CHttpException' with message 'Unable to resolve the request "about/index".' in D:\javiermu\test\y\web\CWebApplication.php:280
Stack trace:
#0 D:\javiermu\test\y\web\CWebApplication.php(135): CWebApplication->runController('about/index')
#1 D:\javiermu\test\y\base\CApplication.php(162): CWebApplication->processRequest()
#2 D:\javiermu\test\t101\index.php(11): CApplication->run()
#3 {main}
REQUEST_URI=/index.php?r=about/index
---
2012/12/30 10:45:18 [error] [exception.CHttpException.404] exception 'CHttpException' with message 'Unable to resolve the request "about".' in D:\javiermu\test\y\web\CWebApplication.php:280
Stack trace:
#0 D:\javiermu\test\y\web\CWebApplication.php(135): CWebApplication->runController('about')
#1 D:\javiermu\test\y\base\CApplication.php(162): CWebApplication->processRequest()
#2 D:\javiermu\test\t101\index.php(11): CApplication->run()
#3 {main}
REQUEST_URI=/index.php/about
---
2012/12/30 10:45:34 [error] [exception.CException] exception 'CException' with message 'CAssetManager.basePath "D:\javiermu\test\t101\assets" is invalid. Please make sure the directory exists and is writable by the Web server process.' in D:\javiermu\test\y\web\CAssetManager.php:116
Stack trace:
#0 D:\javiermu\test\y\web\CAssetManager.php(101): CAssetManager->setBasePath('D:\javiermu\tes...')
#1 D:\javiermu\test\y\web\CAssetManager.php(219): CAssetManager->getBasePath()
#2 D:\javiermu\test\y\zii\widgets\CListView.php(179): CAssetManager->publish('D:\javiermu\tes...')
#3 D:\javiermu\test\y\web\CBaseController.php(148): CListView->init()
#4 D:\javiermu\test\y\web\CBaseController.php(173): CBaseController->createWidget('zii.widgets.CLi...', Array)
#5 D:\javiermu\test\t101\protected\views\post\index.php(9): CBaseController->widget('zii.widgets.CLi...', Array)
#6 D:\javiermu\test\y\web\CBaseController.php(127): require('D:\javiermu\tes...')
#7 D:\javiermu\test\y\web\CBaseController.php(96): CBaseController->renderInternal('D:\javiermu\tes...', Array, true)
#8 D:\javiermu\test\y\web\CController.php(870): CBaseController->renderFile('D:\javiermu\tes...', Array, true)
#9 D:\javiermu\test\y\web\CController.php(783): CController->renderPartial('index', Array, true)
#10 D:\javiermu\test\t101\protected\controllers\PostController.php(136): CController->render('index', Array)
#11 D:\javiermu\test\y\web\actions\CInlineAction.php(50): PostController->actionIndex()
#12 D:\javiermu\test\y\web\CController.php(309): CInlineAction->runWithParams(Array)
#13 D:\javiermu\test\y\web\filters\CFilterChain.php(134): CController->runAction(Object(CInlineAction))
#14 D:\javiermu\test\y\web\filters\CFilter.php(41): CFilterChain->run()
#15 D:\javiermu\test\y\web\CController.php(1146): CFilter->filter(Object(CFilterChain))
#16 D:\javiermu\test\y\web\filters\CInlineFilter.php(59): CController->filterAccessControl(Object(CFilterChain))
#17 D:\javiermu\test\y\web\filters\CFilterChain.php(131): CInlineFilter->filter(Object(CFilterChain))
#18 D:\javiermu\test\y\web\CController.php(292): CFilterChain->run()
#19 D:\javiermu\test\y\web\CController.php(266): CController->runActionWithFilters(Object(CInlineAction), Array)
#20 D:\javiermu\test\y\web\CWebApplication.php(276): CController->run('')
#21 D:\javiermu\test\y\web\CWebApplication.php(135): CWebApplication->runController('post')
#22 D:\javiermu\test\y\base\CApplication.php(162): CWebApplication->processRequest()
#23 D:\javiermu\test\t101\index.php(11): CApplication->run()
#24 {main}
REQUEST_URI=/index.php/post
---
2012/12/30 10:47:37 [error] [exception.CHttpException.404] exception 'CHttpException' with message 'Unable to resolve the request "products/index".' in D:\javiermu\test\y\web\CWebApplication.php:280
Stack trace:
#0 D:\javiermu\test\y\web\CWebApplication.php(135): CWebApplication->runController('products/index')
#1 D:\javiermu\test\y\base\CApplication.php(162): CWebApplication->processRequest()
#2 D:\javiermu\test\t101\index.php(11): CApplication->run()
#3 {main}
REQUEST_URI=/products/index
HTTP_REFERER=http://localhost:801/about
---
2012/12/30 10:50:06 [error] [exception.CHttpException.404] exception 'CHttpException' with message 'The system is unable to find the requested action "about".' in D:\javiermu\test\y\web\CController.php:484
Stack trace:
#0 D:\javiermu\test\y\web\CController.php(271): CController->missingAction('about')
#1 D:\javiermu\test\y\web\CWebApplication.php(276): CController->run('about')
#2 D:\javiermu\test\y\web\CWebApplication.php(135): CWebApplication->runController('product/about')
#3 D:\javiermu\test\y\base\CApplication.php(162): CWebApplication->processRequest()
#4 D:\javiermu\test\t101\index.php(11): CApplication->run()
#5 {main}
REQUEST_URI=/product/about
HTTP_REFERER=http://localhost:801/product/index
---
2012/12/30 10:54:53 [error] [exception.CHttpException.404] exception 'CHttpException' with message 'The system is unable to find the requested action "about".' in D:\javiermu\test\y\web\CController.php:484
Stack trace:
#0 D:\javiermu\test\y\web\CController.php(271): CController->missingAction('about')
#1 D:\javiermu\test\y\web\CWebApplication.php(276): CController->run('about')
#2 D:\javiermu\test\y\web\CWebApplication.php(135): CWebApplication->runController('product/about')
#3 D:\javiermu\test\y\base\CApplication.php(162): CWebApplication->processRequest()
#4 D:\javiermu\test\t101\index.php(11): CApplication->run()
#5 {main}
REQUEST_URI=/product/about
HTTP_REFERER=http://localhost:801/product/index
---
2012/12/30 10:55:12 [error] [exception.CHttpException.404] exception 'CHttpException' with message 'The system is unable to find the requested action "about".' in D:\javiermu\test\y\web\CController.php:484
Stack trace:
#0 D:\javiermu\test\y\web\CController.php(271): CController->missingAction('about')
#1 D:\javiermu\test\y\web\CWebApplication.php(276): CController->run('about')
#2 D:\javiermu\test\y\web\CWebApplication.php(135): CWebApplication->runController('home/about')
#3 D:\javiermu\test\y\base\CApplication.php(162): CWebApplication->processRequest()
#4 D:\javiermu\test\t101\index.php(11): CApplication->run()
#5 {main}
REQUEST_URI=/home/about
HTTP_REFERER=http://localhost:801/home/index
---
2012/12/30 10:58:06 [error] [exception.CHttpException.404] exception 'CHttpException' with message 'Unable to resolve the request "news/index".' in D:\javiermu\test\y\web\CWebApplication.php:280
Stack trace:
#0 D:\javiermu\test\y\web\CWebApplication.php(135): CWebApplication->runController('news/index')
#1 D:\javiermu\test\y\base\CApplication.php(162): CWebApplication->processRequest()
#2 D:\javiermu\test\t101\index.php(11): CApplication->run()
#3 {main}
REQUEST_URI=/news/index
HTTP_REFERER=http://localhost:801/product/index
---
2012/12/30 10:58:26 [error] [exception.CHttpException.404] exception 'CHttpException' with message 'Unable to resolve the request "news/index".' in D:\javiermu\test\y\web\CWebApplication.php:280
Stack trace:
#0 D:\javiermu\test\y\web\CWebApplication.php(135): CWebApplication->runController('news/index')
#1 D:\javiermu\test\y\base\CApplication.php(162): CWebApplication->processRequest()
#2 D:\javiermu\test\t101\index.php(11): CApplication->run()
#3 {main}
REQUEST_URI=/news/index
HTTP_REFERER=http://localhost:801/product/index
---
2012/12/30 14:41:11 [error] [exception.CHttpException.404] exception 'CHttpException' with message 'Unable to resolve the request "subwoofer/accessories".' in D:\javiermu\test\y\web\CWebApplication.php:280
Stack trace:
#0 D:\javiermu\test\y\web\CWebApplication.php(135): CWebApplication->runController('subwoofer/acces...')
#1 D:\javiermu\test\y\base\CApplication.php(162): CWebApplication->processRequest()
#2 D:\javiermu\test\t101\index.php(11): CApplication->run()
#3 {main}
REQUEST_URI=/subwoofer/accessories/
HTTP_REFERER=http://localhost:801/about/index
---
2012/12/30 14:45:13 [error] [php] Invalid argument supplied for foreach() (D:\javiermu\test\y\web\helpers\CUrl.php:82)
Stack trace:
#0 D:\javiermu\test\y\web\CBaseController.php(96): AboutController->renderInternal()
#1 D:\javiermu\test\y\web\CController.php(785): AboutController->renderFile()
#2 D:\javiermu\test\t101\protected\controllers\AboutController.php(8): AboutController->render()
#3 D:\javiermu\test\y\web\actions\CInlineAction.php(50): AboutController->actionIndex()
#4 D:\javiermu\test\y\web\CController.php(309): CInlineAction->runWithParams()
#5 D:\javiermu\test\y\web\CController.php(287): AboutController->runAction()
#6 D:\javiermu\test\y\web\CController.php(266): AboutController->runActionWithFilters()
#7 D:\javiermu\test\y\web\CWebApplication.php(276): AboutController->run()
#8 D:\javiermu\test\y\web\CWebApplication.php(135): CWebApplication->runController()
#9 D:\javiermu\test\y\base\CApplication.php(162): CWebApplication->processRequest()
#10 D:\javiermu\test\t101\index.php(11): CWebApplication->run()
REQUEST_URI=/about/index
2012/12/30 15:14:13 [error] [php] Undefined variable: style (D:\javiermu\test\t101\protected\views\layouts\_Layout.php:50)
Stack trace:
#0 D:\javiermu\test\y\web\CController.php(785): HomeController->renderFile()
#1 D:\javiermu\test\t101\protected\controllers\HomeController.php(13): HomeController->render()
#2 D:\javiermu\test\y\web\actions\CInlineAction.php(50): HomeController->actionIndex()
#3 D:\javiermu\test\y\web\CController.php(309): CInlineAction->runWithParams()
#4 D:\javiermu\test\y\web\CController.php(287): HomeController->runAction()
#5 D:\javiermu\test\y\web\CController.php(266): HomeController->runActionWithFilters()
#6 D:\javiermu\test\y\web\CWebApplication.php(276): HomeController->run()
#7 D:\javiermu\test\y\web\CWebApplication.php(135): CWebApplication->runController()
#8 D:\javiermu\test\y\base\CApplication.php(162): CWebApplication->processRequest()
#9 D:\javiermu\test\t101\index.php(11): CWebApplication->run()
REQUEST_URI=/home/index
2012/12/30 15:14:23 [error] [exception.CException] exception 'CException' with message 'Property "HomeController.style" is not defined.' in D:\javiermu\test\y\base\CComponent.php:131
Stack trace:
#0 D:\javiermu\test\t101\protected\views\layouts\_Layout.php(50): CComponent->__get('style')
#1 D:\javiermu\test\y\web\CBaseController.php(127): require('D:\javiermu\tes...')
#2 D:\javiermu\test\y\web\CBaseController.php(96): CBaseController->renderInternal('D:\javiermu\tes...', Array, true)
#3 D:\javiermu\test\y\web\CController.php(785): CBaseController->renderFile('D:\javiermu\tes...', Array, true)
#4 D:\javiermu\test\t101\protected\controllers\HomeController.php(13): CController->render('index', 'sytle='display:...')
#5 D:\javiermu\test\y\web\actions\CInlineAction.php(50): HomeController->actionIndex()
#6 D:\javiermu\test\y\web\CController.php(309): CInlineAction->runWithParams(Array)
#7 D:\javiermu\test\y\web\CController.php(287): CController->runAction(Object(CInlineAction))
#8 D:\javiermu\test\y\web\CController.php(266): CController->runActionWithFilters(Object(CInlineAction), Array)
#9 D:\javiermu\test\y\web\CWebApplication.php(276): CController->run('index')
#10 D:\javiermu\test\y\web\CWebApplication.php(135): CWebApplication->runController('home/index')
#11 D:\javiermu\test\y\base\CApplication.php(162): CWebApplication->processRequest()
#12 D:\javiermu\test\t101\index.php(11): CApplication->run()
#13 {main}
REQUEST_URI=/home/index
HTTP_REFERER=http://localhost:801/about/index
---
2012/12/30 15:14:33 [error] [php] Undefined variable: style (D:\javiermu\test\t101\protected\views\layouts\_Layout.php:50)
Stack trace:
#0 D:\javiermu\test\y\web\CController.php(785): HomeController->renderFile()
#1 D:\javiermu\test\t101\protected\controllers\HomeController.php(13): HomeController->render()
#2 D:\javiermu\test\y\web\actions\CInlineAction.php(50): HomeController->actionIndex()
#3 D:\javiermu\test\y\web\CController.php(309): CInlineAction->runWithParams()
#4 D:\javiermu\test\y\web\CController.php(287): HomeController->runAction()
#5 D:\javiermu\test\y\web\CController.php(266): HomeController->runActionWithFilters()
#6 D:\javiermu\test\y\web\CWebApplication.php(276): HomeController->run()
#7 D:\javiermu\test\y\web\CWebApplication.php(135): CWebApplication->runController()
#8 D:\javiermu\test\y\base\CApplication.php(162): CWebApplication->processRequest()
#9 D:\javiermu\test\t101\index.php(11): CWebApplication->run()
REQUEST_URI=/home/index
2012/12/30 15:14:56 [error] [php] Undefined variable: data (D:\javiermu\test\t101\protected\views\layouts\_Layout.php:50)
Stack trace:
#0 D:\javiermu\test\y\web\CController.php(785): HomeController->renderFile()
#1 D:\javiermu\test\t101\protected\controllers\HomeController.php(13): HomeController->render()
#2 D:\javiermu\test\y\web\actions\CInlineAction.php(50): HomeController->actionIndex()
#3 D:\javiermu\test\y\web\CController.php(309): CInlineAction->runWithParams()
#4 D:\javiermu\test\y\web\CController.php(287): HomeController->runAction()
#5 D:\javiermu\test\y\web\CController.php(266): HomeController->runActionWithFilters()
#6 D:\javiermu\test\y\web\CWebApplication.php(276): HomeController->run()
#7 D:\javiermu\test\y\web\CWebApplication.php(135): CWebApplication->runController()
#8 D:\javiermu\test\y\base\CApplication.php(162): CWebApplication->processRequest()
#9 D:\javiermu\test\t101\index.php(11): CWebApplication->run()
REQUEST_URI=/home/index
2012/12/30 15:15:03 [error] [php] Undefined variable: data (D:\javiermu\test\t101\protected\views\layouts\_Layout.php:50)
Stack trace:
#0 D:\javiermu\test\y\web\CController.php(785): HomeController->renderFile()
#1 D:\javiermu\test\t101\protected\controllers\HomeController.php(13): HomeController->render()
#2 D:\javiermu\test\y\web\actions\CInlineAction.php(50): HomeController->actionIndex()
#3 D:\javiermu\test\y\web\CController.php(309): CInlineAction->runWithParams()
#4 D:\javiermu\test\y\web\CController.php(287): HomeController->runAction()
#5 D:\javiermu\test\y\web\CController.php(266): HomeController->runActionWithFilters()
#6 D:\javiermu\test\y\web\CWebApplication.php(276): HomeController->run()
#7 D:\javiermu\test\y\web\CWebApplication.php(135): CWebApplication->runController()
#8 D:\javiermu\test\y\base\CApplication.php(162): CWebApplication->processRequest()
#9 D:\javiermu\test\t101\index.php(11): CWebApplication->run()
REQUEST_URI=/home/index
2012/12/30 15:15:05 [error] [php] Undefined variable: data (D:\javiermu\test\t101\protected\views\layouts\_Layout.php:50)
Stack trace:
#0 D:\javiermu\test\y\web\CController.php(785): HomeController->renderFile()
#1 D:\javiermu\test\t101\protected\controllers\HomeController.php(13): HomeController->render()
#2 D:\javiermu\test\y\web\actions\CInlineAction.php(50): HomeController->actionIndex()
#3 D:\javiermu\test\y\web\CController.php(309): CInlineAction->runWithParams()
#4 D:\javiermu\test\y\web\CController.php(287): HomeController->runAction()
#5 D:\javiermu\test\y\web\CController.php(266): HomeController->runActionWithFilters()
#6 D:\javiermu\test\y\web\CWebApplication.php(276): HomeController->run()
#7 D:\javiermu\test\y\web\CWebApplication.php(135): CWebApplication->runController()
#8 D:\javiermu\test\y\base\CApplication.php(162): CWebApplication->processRequest()
#9 D:\javiermu\test\t101\index.php(11): CWebApplication->run()
REQUEST_URI=/home/index
2012/12/30 15:15:10 [error] [exception.CException] exception 'CException' with message 'Property "HomeController.data" is not defined.' in D:\javiermu\test\y\base\CComponent.php:131
Stack trace:
#0 D:\javiermu\test\t101\protected\views\layouts\_Layout.php(50): CComponent->__get('data')
#1 D:\javiermu\test\y\web\CBaseController.php(127): require('D:\javiermu\tes...')
#2 D:\javiermu\test\y\web\CBaseController.php(96): CBaseController->renderInternal('D:\javiermu\tes...', Array, true)
#3 D:\javiermu\test\y\web\CController.php(785): CBaseController->renderFile('D:\javiermu\tes...', Array, true)
#4 D:\javiermu\test\t101\protected\controllers\HomeController.php(13): CController->render('index', 'sytle='display:...')
#5 D:\javiermu\test\y\web\actions\CInlineAction.php(50): HomeController->actionIndex()
#6 D:\javiermu\test\y\web\CController.php(309): CInlineAction->runWithParams(Array)
#7 D:\javiermu\test\y\web\CController.php(287): CController->runAction(Object(CInlineAction))
#8 D:\javiermu\test\y\web\CController.php(266): CController->runActionWithFilters(Object(CInlineAction), Array)
#9 D:\javiermu\test\y\web\CWebApplication.php(276): CController->run('index')
#10 D:\javiermu\test\y\web\CWebApplication.php(135): CWebApplication->runController('home/index')
#11 D:\javiermu\test\y\base\CApplication.php(162): CWebApplication->processRequest()
#12 D:\javiermu\test\t101\index.php(11): CApplication->run()
#13 {main}
REQUEST_URI=/home/index
HTTP_REFERER=http://localhost:801/about/index
---
2012/12/30 15:15:12 [error] [exception.CException] exception 'CException' with message 'Property "HomeController.data" is not defined.' in D:\javiermu\test\y\base\CComponent.php:131
Stack trace:
#0 D:\javiermu\test\t101\protected\views\layouts\_Layout.php(50): CComponent->__get('data')
#1 D:\javiermu\test\y\web\CBaseController.php(127): require('D:\javiermu\tes...')
#2 D:\javiermu\test\y\web\CBaseController.php(96): CBaseController->renderInternal('D:\javiermu\tes...', Array, true)
#3 D:\javiermu\test\y\web\CController.php(785): CBaseController->renderFile('D:\javiermu\tes...', Array, true)
#4 D:\javiermu\test\t101\protected\controllers\HomeController.php(13): CController->render('index', 'sytle='display:...')
#5 D:\javiermu\test\y\web\actions\CInlineAction.php(50): HomeController->actionIndex()
#6 D:\javiermu\test\y\web\CController.php(309): CInlineAction->runWithParams(Array)
#7 D:\javiermu\test\y\web\CController.php(287): CController->runAction(Object(CInlineAction))
#8 D:\javiermu\test\y\web\CController.php(266): CController->runActionWithFilters(Object(CInlineAction), Array)
#9 D:\javiermu\test\y\web\CWebApplication.php(276): CController->run('index')
#10 D:\javiermu\test\y\web\CWebApplication.php(135): CWebApplication->runController('home/index')
#11 D:\javiermu\test\y\base\CApplication.php(162): CWebApplication->processRequest()
#12 D:\javiermu\test\t101\index.php(11): CApplication->run()
#13 {main}
REQUEST_URI=/home/index
HTTP_REFERER=http://localhost:801/about/index
---
2012/12/30 15:16:04 [error] [php] Undefined variable: data (D:\javiermu\test\t101\protected\views\layouts\_Layout.php:50)
Stack trace:
#0 D:\javiermu\test\y\web\CController.php(785): HomeController->renderFile()
#1 D:\javiermu\test\t101\protected\controllers\HomeController.php(13): HomeController->render()
#2 D:\javiermu\test\y\web\actions\CInlineAction.php(50): HomeController->actionIndex()
#3 D:\javiermu\test\y\web\CController.php(309): CInlineAction->runWithParams()
#4 D:\javiermu\test\y\web\CController.php(287): HomeController->runAction()
#5 D:\javiermu\test\y\web\CController.php(266): HomeController->runActionWithFilters()
#6 D:\javiermu\test\y\web\CWebApplication.php(276): HomeController->run()
#7 D:\javiermu\test\y\web\CWebApplication.php(135): CWebApplication->runController()
#8 D:\javiermu\test\y\base\CApplication.php(162): CWebApplication->processRequest()
#9 D:\javiermu\test\t101\index.php(11): CWebApplication->run()
REQUEST_URI=/home/index
2012/12/30 15:16:28 [error] [php] Undefined variable: data (D:\javiermu\test\t101\protected\views\layouts\_Layout.php:50)
Stack trace:
#0 D:\javiermu\test\y\web\CController.php(785): HomeController->renderFile()
#1 D:\javiermu\test\t101\protected\controllers\HomeController.php(13): HomeController->render()
#2 D:\javiermu\test\y\web\actions\CInlineAction.php(50): HomeController->actionIndex()
#3 D:\javiermu\test\y\web\CController.php(309): CInlineAction->runWithParams()
#4 D:\javiermu\test\y\web\CController.php(287): HomeController->runAction()
#5 D:\javiermu\test\y\web\CController.php(266): HomeController->runActionWithFilters()
#6 D:\javiermu\test\y\web\CWebApplication.php(276): HomeController->run()
#7 D:\javiermu\test\y\web\CWebApplication.php(135): CWebApplication->runController()
#8 D:\javiermu\test\y\base\CApplication.php(162): CWebApplication->processRequest()
#9 D:\javiermu\test\t101\index.php(11): CWebApplication->run()
REQUEST_URI=/home/index
2012/12/30 15:16:40 [error] [php] Undefined variable: data (D:\javiermu\test\t101\protected\views\layouts\_Layout.php:50)
Stack trace:
#0 D:\javiermu\test\y\web\CController.php(785): HomeController->renderFile()
#1 D:\javiermu\test\t101\protected\controllers\HomeController.php(13): HomeController->render()
#2 D:\javiermu\test\y\web\actions\CInlineAction.php(50): HomeController->actionIndex()
#3 D:\javiermu\test\y\web\CController.php(309): CInlineAction->runWithParams()
#4 D:\javiermu\test\y\web\CController.php(287): HomeController->runAction()
#5 D:\javiermu\test\y\web\CController.php(266): HomeController->runActionWithFilters()
#6 D:\javiermu\test\y\web\CWebApplication.php(276): HomeController->run()
#7 D:\javiermu\test\y\web\CWebApplication.php(135): CWebApplication->runController()
#8 D:\javiermu\test\y\base\CApplication.php(162): CWebApplication->processRequest()
#9 D:\javiermu\test\t101\index.php(11): CWebApplication->run()
REQUEST_URI=/home/index
2012/12/30 15:17:19 [error] [php] Undefined variable: data (D:\javiermu\test\t101\protected\views\layouts\_Layout.php:50)
Stack trace:
#0 D:\javiermu\test\y\web\CController.php(785): HomeController->renderFile()
#1 D:\javiermu\test\t101\protected\controllers\HomeController.php(13): HomeController->render()
#2 D:\javiermu\test\y\web\actions\CInlineAction.php(50): HomeController->actionIndex()
#3 D:\javiermu\test\y\web\CController.php(309): CInlineAction->runWithParams()
#4 D:\javiermu\test\y\web\CController.php(287): HomeController->runAction()
#5 D:\javiermu\test\y\web\CController.php(266): HomeController->runActionWithFilters()
#6 D:\javiermu\test\y\web\CWebApplication.php(276): HomeController->run()
#7 D:\javiermu\test\y\web\CWebApplication.php(135): CWebApplication->runController()
#8 D:\javiermu\test\y\base\CApplication.php(162): CWebApplication->processRequest()
#9 D:\javiermu\test\t101\index.php(11): CWebApplication->run()
REQUEST_URI=/home/index
2012/12/30 15:18:52 [error] [exception.CHttpException.404] exception 'CHttpException' with message 'Unable to resolve the request "news/index".' in D:\javiermu\test\y\web\CWebApplication.php:280
Stack trace:
#0 D:\javiermu\test\y\web\CWebApplication.php(135): CWebApplication->runController('news/index')
#1 D:\javiermu\test\y\base\CApplication.php(162): CWebApplication->processRequest()
#2 D:\javiermu\test\t101\index.php(11): CApplication->run()
#3 {main}
REQUEST_URI=/news/index
HTTP_REFERER=http://localhost:801/product/index
---
