2012/12/27 19:29:45 [error] [exception.CException] exception 'CException' with message 'CHttpRequest is unable to determine the request URI.' in D:\javiermu\test\f\web\CHttpRequest.php:469
Stack trace:
#0 D:\javiermu\test\f\web\CHttpRequest.php(381): CHttpRequest->getRequestUri()
#1 D:\javiermu\test\f\web\CUrlManager.php(361): CHttpRequest->getPathInfo()
#2 D:\javiermu\test\f\web\CWebApplication.php(134): CUrlManager->parseUrl(Object(CHttpRequest))
#3 D:\javiermu\test\f\base\CApplication.php(162): CWebApplication->processRequest()
#4 D:\javiermu\test\index.php(11): CApplication->run()
#5 {main}
---
2012/12/27 19:33:27 [error] [exception.CException] exception 'CException' with message 'CHttpRequest is unable to determine the request URI.' in D:\javiermu\test\f\web\CHttpRequest.php:469
Stack trace:
#0 D:\javiermu\test\f\web\CHttpRequest.php(381): CHttpRequest->getRequestUri()
#1 D:\javiermu\test\f\web\CUrlManager.php(361): CHttpRequest->getPathInfo()
#2 D:\javiermu\test\f\web\CWebApplication.php(134): CUrlManager->parseUrl(Object(CHttpRequest))
#3 D:\javiermu\test\f\base\CApplication.php(162): CWebApplication->processRequest()
#4 D:\javiermu\test\index.php(11): CApplication->run()
#5 {main}
---
2012/12/29 06:01:36 [error] [exception.CException] exception 'CException' with message 'Property "DefaultController.data" is not defined.' in D:\javiermu\test\f\base\CComponent.php:131
Stack trace:
#0 D:\javiermu\test\protected\views\default\index.php(3): CComponent->__get('data')
#1 D:\javiermu\test\f\web\CBaseController.php(127): require('D:\javiermu\tes...')
#2 D:\javiermu\test\f\web\CBaseController.php(96): CBaseController->renderInternal('D:\javiermu\tes...', 'My hello world!', true)
#3 D:\javiermu\test\f\web\CController.php(870): CBaseController->renderFile('D:\javiermu\tes...', 'My hello world!', true)
#4 D:\javiermu\test\f\web\CController.php(783): CController->renderPartial('index', 'My hello world!', true)
#5 D:\javiermu\test\protected\controllers\DefaultController.php(14): CController->render('index', 'My hello world!')
#6 D:\javiermu\test\f\web\actions\CInlineAction.php(50): DefaultController->actionIndex()
#7 D:\javiermu\test\f\web\CController.php(309): CInlineAction->runWithParams(Array)
#8 D:\javiermu\test\f\web\CController.php(287): CController->runAction(Object(CInlineAction))
#9 D:\javiermu\test\f\web\CController.php(266): CController->runActionWithFilters(Object(CInlineAction), Array)
#10 D:\javiermu\test\f\web\CWebApplication.php(276): CController->run('')
#11 D:\javiermu\test\f\web\CWebApplication.php(135): CWebApplication->runController('default')
#12 D:\javiermu\test\f\base\CApplication.php(162): CWebApplication->processRequest()
#13 D:\javiermu\test\index.php(11): CApplication->run()
#14 {main}
REQUEST_URI=/test/index.php/default
---
2012/12/29 07:10:04 [error] [exception.CHttpException.404] exception 'CHttpException' with message 'Unable to resolve the request "tests".' in D:\javiermu\test\f\web\CWebApplication.php:280
Stack trace:
#0 D:\javiermu\test\f\web\CWebApplication.php(135): CWebApplication->runController('tests')
#1 D:\javiermu\test\f\base\CApplication.php(162): CWebApplication->processRequest()
#2 D:\javiermu\test\index.php(11): CApplication->run()
#3 {main}
REQUEST_URI=/test/tests
HTTP_REFERER=http://localhost:800/test/index.php/default/index
---
2012/12/29 16:45:10 [error] [php] Undefined variable: con (D:\javiermu\test\protected\views\layouts\_Layout.php:27)
Stack trace:
#0 D:\javiermu\test\f\web\CController.php(785): DefaultController->renderFile()
#1 D:\javiermu\test\protected\controllers\DefaultController.php(14): DefaultController->render()
#2 D:\javiermu\test\f\web\actions\CInlineAction.php(50): DefaultController->actionIndex()
#3 D:\javiermu\test\f\web\CController.php(309): CInlineAction->runWithParams()
#4 D:\javiermu\test\f\web\CController.php(287): DefaultController->runAction()
#5 D:\javiermu\test\f\web\CController.php(266): DefaultController->runActionWithFilters()
#6 D:\javiermu\test\f\web\CWebApplication.php(276): DefaultController->run()
#7 D:\javiermu\test\f\web\CWebApplication.php(135): CWebApplication->runController()
#8 D:\javiermu\test\f\base\CApplication.php(162): CWebApplication->processRequest()
#9 D:\javiermu\test\index.php(11): CWebApplication->run()
REQUEST_URI=/test/index.php/default/index
2012/12/29 16:49:42 [error] [php] Undefined variable: data (D:\javiermu\test\protected\views\layouts\_Header.php:9)
Stack trace:
#0 D:\javiermu\test\f\web\widgets\CContentDecorator.php(77): DefaultController->renderFile()
#1 D:\javiermu\test\f\web\widgets\CContentDecorator.php(55): CContentDecorator->decorate()
#2 D:\javiermu\test\f\web\widgets\COutputProcessor.php(45): CContentDecorator->processOutput()
#3 D:\javiermu\test\f\web\CBaseController.php(207): CContentDecorator->run()
#4 D:\javiermu\test\f\web\CBaseController.php(301): DefaultController->endWidget()
#5 D:\javiermu\test\protected\views\layouts\_Layout.php(28): DefaultController->endContent()
#6 D:\javiermu\test\f\web\CBaseController.php(127): require()
#7 D:\javiermu\test\f\web\CBaseController.php(96): DefaultController->renderInternal()
#8 D:\javiermu\test\f\web\CController.php(785): DefaultController->renderFile()
#9 D:\javiermu\test\protected\controllers\DefaultController.php(14): DefaultController->render()
#10 D:\javiermu\test\f\web\actions\CInlineAction.php(50): DefaultController->actionIndex()
#11 D:\javiermu\test\f\web\CController.php(309): CInlineAction->runWithParams()
#12 D:\javiermu\test\f\web\CController.php(287): DefaultController->runAction()
#13 D:\javiermu\test\f\web\CController.php(266): DefaultController->runActionWithFilters()
#14 D:\javiermu\test\f\web\CWebApplication.php(276): DefaultController->run()
#15 D:\javiermu\test\f\web\CWebApplication.php(135): CWebApplication->runController()
#16 D:\javiermu\test\f\base\CApplication.php(162): CWebApplication->processRequest()
#17 D:\javiermu\test\index.php(11): CWebApplication->run()
REQUEST_URI=/test/index.php/default/index
2012/12/29 16:51:20 [error] [php] Undefined variable: data (D:\javiermu\test\protected\views\layouts\_Header.php:9)
Stack trace:
#0 D:\javiermu\test\f\web\widgets\CContentDecorator.php(77): DefaultController->renderFile()
#1 D:\javiermu\test\f\web\widgets\CContentDecorator.php(55): CContentDecorator->decorate()
#2 D:\javiermu\test\f\web\widgets\COutputProcessor.php(45): CContentDecorator->processOutput()
#3 D:\javiermu\test\f\web\CBaseController.php(207): CContentDecorator->run()
#4 D:\javiermu\test\f\web\CBaseController.php(301): DefaultController->endWidget()
#5 D:\javiermu\test\protected\views\layouts\_Layout.php(28): DefaultController->endContent()
#6 D:\javiermu\test\f\web\CBaseController.php(127): require()
#7 D:\javiermu\test\f\web\CBaseController.php(96): DefaultController->renderInternal()
#8 D:\javiermu\test\f\web\CController.php(785): DefaultController->renderFile()
#9 D:\javiermu\test\protected\controllers\DefaultController.php(14): DefaultController->render()
#10 D:\javiermu\test\f\web\actions\CInlineAction.php(50): DefaultController->actionIndex()
#11 D:\javiermu\test\f\web\CController.php(309): CInlineAction->runWithParams()
#12 D:\javiermu\test\f\web\CController.php(287): DefaultController->runAction()
#13 D:\javiermu\test\f\web\CController.php(266): DefaultController->runActionWithFilters()
#14 D:\javiermu\test\f\web\CWebApplication.php(276): DefaultController->run()
#15 D:\javiermu\test\f\web\CWebApplication.php(135): CWebApplication->runController()
#16 D:\javiermu\test\f\base\CApplication.php(162): CWebApplication->processRequest()
#17 D:\javiermu\test\index.php(11): CWebApplication->run()
REQUEST_URI=/test/index.php/default/index
2012/12/29 16:53:44 [error] [php] Undefined variable: data (D:\javiermu\test\protected\views\layouts\_Header.php:9)
Stack trace:
#0 D:\javiermu\test\f\web\widgets\CContentDecorator.php(77): DefaultController->renderFile()
#1 D:\javiermu\test\f\web\widgets\CContentDecorator.php(55): CContentDecorator->decorate()
#2 D:\javiermu\test\f\web\widgets\COutputProcessor.php(45): CContentDecorator->processOutput()
#3 D:\javiermu\test\f\web\CBaseController.php(207): CContentDecorator->run()
#4 D:\javiermu\test\f\web\CBaseController.php(301): DefaultController->endWidget()
#5 D:\javiermu\test\protected\views\layouts\_Layout.php(28): DefaultController->endContent()
#6 D:\javiermu\test\f\web\CBaseController.php(127): require()
#7 D:\javiermu\test\f\web\CBaseController.php(96): DefaultController->renderInternal()
#8 D:\javiermu\test\f\web\CController.php(785): DefaultController->renderFile()
#9 D:\javiermu\test\protected\controllers\DefaultController.php(14): DefaultController->render()
#10 D:\javiermu\test\f\web\actions\CInlineAction.php(50): DefaultController->actionIndex()
#11 D:\javiermu\test\f\web\CController.php(309): CInlineAction->runWithParams()
#12 D:\javiermu\test\f\web\CController.php(287): DefaultController->runAction()
#13 D:\javiermu\test\f\web\CController.php(266): DefaultController->runActionWithFilters()
#14 D:\javiermu\test\f\web\CWebApplication.php(276): DefaultController->run()
#15 D:\javiermu\test\f\web\CWebApplication.php(135): CWebApplication->runController()
#16 D:\javiermu\test\f\base\CApplication.php(162): CWebApplication->processRequest()
#17 D:\javiermu\test\index.php(11): CWebApplication->run()
REQUEST_URI=/test/index.php/default/index
2012/12/29 17:58:57 [error] [php] include(CCientScript.php): failed to open stream: No such file or directory (D:\javiermu\test\f\YiiBase.php:418)
Stack trace:
#0 D:\javiermu\test\protected\views\layouts\_Layout.php(98): spl_autoload_call()
#1 D:\javiermu\test\f\web\CBaseController.php(127): require()
#2 D:\javiermu\test\f\web\CBaseController.php(96): HomeController->renderInternal()
#3 D:\javiermu\test\f\web\CController.php(785): HomeController->renderFile()
#4 D:\javiermu\test\protected\controllers\HomeController.php(13): HomeController->render()
#5 D:\javiermu\test\f\web\actions\CInlineAction.php(50): HomeController->actionIndex()
#6 D:\javiermu\test\f\web\CController.php(309): CInlineAction->runWithParams()
#7 D:\javiermu\test\f\web\CController.php(287): HomeController->runAction()
#8 D:\javiermu\test\f\web\CController.php(266): HomeController->runActionWithFilters()
#9 D:\javiermu\test\f\web\CWebApplication.php(276): HomeController->run()
#10 D:\javiermu\test\f\web\CWebApplication.php(135): CWebApplication->runController()
#11 D:\javiermu\test\f\base\CApplication.php(162): CWebApplication->processRequest()
#12 D:\javiermu\test\index.php(11): CWebApplication->run()
REQUEST_URI=/test/
2012/12/29 17:59:25 [error] [php] include(CCientScript.php): failed to open stream: No such file or directory (D:\javiermu\test\f\YiiBase.php:418)
Stack trace:
#0 D:\javiermu\test\protected\views\layouts\_Layout.php(98): spl_autoload_call()
#1 D:\javiermu\test\f\web\CBaseController.php(127): require()
#2 D:\javiermu\test\f\web\CBaseController.php(96): HomeController->renderInternal()
#3 D:\javiermu\test\f\web\CController.php(785): HomeController->renderFile()
#4 D:\javiermu\test\protected\controllers\HomeController.php(13): HomeController->render()
#5 D:\javiermu\test\f\web\actions\CInlineAction.php(50): HomeController->actionIndex()
#6 D:\javiermu\test\f\web\CController.php(309): CInlineAction->runWithParams()
#7 D:\javiermu\test\f\web\CController.php(287): HomeController->runAction()
#8 D:\javiermu\test\f\web\CController.php(266): HomeController->runActionWithFilters()
#9 D:\javiermu\test\f\web\CWebApplication.php(276): HomeController->run()
#10 D:\javiermu\test\f\web\CWebApplication.php(135): CWebApplication->runController()
#11 D:\javiermu\test\f\base\CApplication.php(162): CWebApplication->processRequest()
#12 D:\javiermu\test\index.php(11): CWebApplication->run()
REQUEST_URI=/test/
2012/12/29 17:59:41 [error] [php] include(CCientScript.php): failed to open stream: No such file or directory (D:\javiermu\test\f\YiiBase.php:418)
Stack trace:
#0 D:\javiermu\test\protected\views\layouts\_Layout.php(98): spl_autoload_call()
#1 D:\javiermu\test\f\web\CBaseController.php(127): require()
#2 D:\javiermu\test\f\web\CBaseController.php(96): HomeController->renderInternal()
#3 D:\javiermu\test\f\web\CController.php(785): HomeController->renderFile()
#4 D:\javiermu\test\protected\controllers\HomeController.php(13): HomeController->render()
#5 D:\javiermu\test\f\web\actions\CInlineAction.php(50): HomeController->actionIndex()
#6 D:\javiermu\test\f\web\CController.php(309): CInlineAction->runWithParams()
#7 D:\javiermu\test\f\web\CController.php(287): HomeController->runAction()
#8 D:\javiermu\test\f\web\CController.php(266): HomeController->runActionWithFilters()
#9 D:\javiermu\test\f\web\CWebApplication.php(276): HomeController->run()
#10 D:\javiermu\test\f\web\CWebApplication.php(135): CWebApplication->runController()
#11 D:\javiermu\test\f\base\CApplication.php(162): CWebApplication->processRequest()
#12 D:\javiermu\test\index.php(11): CWebApplication->run()
REQUEST_URI=/test/
2012/12/29 18:01:17 [error] [php] include(CCientScript.php): failed to open stream: No such file or directory (D:\javiermu\test\f\YiiBase.php:418)
Stack trace:
#0 D:\javiermu\test\protected\views\layouts\_Layout.php(98): spl_autoload_call()
#1 D:\javiermu\test\f\web\CBaseController.php(127): require()
#2 D:\javiermu\test\f\web\CBaseController.php(96): HomeController->renderInternal()
#3 D:\javiermu\test\f\web\CController.php(785): HomeController->renderFile()
#4 D:\javiermu\test\protected\controllers\HomeController.php(13): HomeController->render()
#5 D:\javiermu\test\f\web\actions\CInlineAction.php(50): HomeController->actionIndex()
#6 D:\javiermu\test\f\web\CController.php(309): CInlineAction->runWithParams()
#7 D:\javiermu\test\f\web\CController.php(287): HomeController->runAction()
#8 D:\javiermu\test\f\web\CController.php(266): HomeController->runActionWithFilters()
#9 D:\javiermu\test\f\web\CWebApplication.php(276): HomeController->run()
#10 D:\javiermu\test\f\web\CWebApplication.php(135): CWebApplication->runController()
#11 D:\javiermu\test\f\base\CApplication.php(162): CWebApplication->processRequest()
#12 D:\javiermu\test\index.php(11): CWebApplication->run()
REQUEST_URI=/test/
2012/12/29 18:09:10 [error] [php] include(CCientScript.php): failed to open stream: No such file or directory (D:\javiermu\test\f\YiiBase.php:418)
Stack trace:
#0 D:\javiermu\test\protected\views\layouts\_Layout.php(98): spl_autoload_call()
#1 D:\javiermu\test\f\web\CBaseController.php(127): require()
#2 D:\javiermu\test\f\web\CBaseController.php(96): HomeController->renderInternal()
#3 D:\javiermu\test\f\web\CController.php(785): HomeController->renderFile()
#4 D:\javiermu\test\protected\controllers\HomeController.php(13): HomeController->render()
#5 D:\javiermu\test\f\web\actions\CInlineAction.php(50): HomeController->actionIndex()
#6 D:\javiermu\test\f\web\CController.php(309): CInlineAction->runWithParams()
#7 D:\javiermu\test\f\web\CController.php(287): HomeController->runAction()
#8 D:\javiermu\test\f\web\CController.php(266): HomeController->runActionWithFilters()
#9 D:\javiermu\test\f\web\CWebApplication.php(276): HomeController->run()
#10 D:\javiermu\test\f\web\CWebApplication.php(135): CWebApplication->runController()
#11 D:\javiermu\test\f\base\CApplication.php(162): CWebApplication->processRequest()
#12 D:\javiermu\test\index.php(11): CWebApplication->run()
REQUEST_URI=/test/
2012/12/29 18:15:24 [error] [php] include(CCientScript.php): failed to open stream: No such file or directory (D:\javiermu\test\f\YiiBase.php:418)
Stack trace:
#0 D:\javiermu\test\protected\views\layouts\_Layout.php(97): spl_autoload_call()
#1 D:\javiermu\test\f\web\CBaseController.php(127): require()
#2 D:\javiermu\test\f\web\CBaseController.php(96): HomeController->renderInternal()
#3 D:\javiermu\test\f\web\CController.php(785): HomeController->renderFile()
#4 D:\javiermu\test\protected\controllers\HomeController.php(13): HomeController->render()
#5 D:\javiermu\test\f\web\actions\CInlineAction.php(50): HomeController->actionIndex()
#6 D:\javiermu\test\f\web\CController.php(309): CInlineAction->runWithParams()
#7 D:\javiermu\test\f\web\CController.php(287): HomeController->runAction()
#8 D:\javiermu\test\f\web\CController.php(266): HomeController->runActionWithFilters()
#9 D:\javiermu\test\f\web\CWebApplication.php(276): HomeController->run()
#10 D:\javiermu\test\f\web\CWebApplication.php(135): CWebApplication->runController()
#11 D:\javiermu\test\f\base\CApplication.php(162): CWebApplication->processRequest()
#12 D:\javiermu\test\index.php(11): CWebApplication->run()
REQUEST_URI=/test/
2012/12/29 18:15:27 [error] [php] include(CCientScript.php): failed to open stream: No such file or directory (D:\javiermu\test\f\YiiBase.php:418)
Stack trace:
#0 D:\javiermu\test\protected\views\layouts\_Layout.php(97): spl_autoload_call()
#1 D:\javiermu\test\f\web\CBaseController.php(127): require()
#2 D:\javiermu\test\f\web\CBaseController.php(96): HomeController->renderInternal()
#3 D:\javiermu\test\f\web\CController.php(785): HomeController->renderFile()
#4 D:\javiermu\test\protected\controllers\HomeController.php(13): HomeController->render()
#5 D:\javiermu\test\f\web\actions\CInlineAction.php(50): HomeController->actionIndex()
#6 D:\javiermu\test\f\web\CController.php(309): CInlineAction->runWithParams()
#7 D:\javiermu\test\f\web\CController.php(287): HomeController->runAction()
#8 D:\javiermu\test\f\web\CController.php(266): HomeController->runActionWithFilters()
#9 D:\javiermu\test\f\web\CWebApplication.php(276): HomeController->run()
#10 D:\javiermu\test\f\web\CWebApplication.php(135): CWebApplication->runController()
#11 D:\javiermu\test\f\base\CApplication.php(162): CWebApplication->processRequest()
#12 D:\javiermu\test\index.php(11): CWebApplication->run()
REQUEST_URI=/test/
2012/12/29 18:16:31 [error] [php] include(CCientScript.php): failed to open stream: No such file or directory (D:\javiermu\test\f\YiiBase.php:418)
Stack trace:
#0 D:\javiermu\test\protected\views\layouts\_Layout.php(97): spl_autoload_call()
#1 D:\javiermu\test\f\web\CBaseController.php(127): require()
#2 D:\javiermu\test\f\web\CBaseController.php(96): HomeController->renderInternal()
#3 D:\javiermu\test\f\web\CController.php(785): HomeController->renderFile()
#4 D:\javiermu\test\protected\controllers\HomeController.php(13): HomeController->render()
#5 D:\javiermu\test\f\web\actions\CInlineAction.php(50): HomeController->actionIndex()
#6 D:\javiermu\test\f\web\CController.php(309): CInlineAction->runWithParams()
#7 D:\javiermu\test\f\web\CController.php(287): HomeController->runAction()
#8 D:\javiermu\test\f\web\CController.php(266): HomeController->runActionWithFilters()
#9 D:\javiermu\test\f\web\CWebApplication.php(276): HomeController->run()
#10 D:\javiermu\test\f\web\CWebApplication.php(135): CWebApplication->runController()
#11 D:\javiermu\test\f\base\CApplication.php(162): CWebApplication->processRequest()
#12 D:\javiermu\test\index.php(11): CWebApplication->run()
REQUEST_URI=/test/
2012/12/29 18:18:36 [error] [php] include(CCientScript.php): failed to open stream: No such file or directory (D:\javiermu\test\f\YiiBase.php:418)
Stack trace:
#0 D:\javiermu\test\protected\views\layouts\_Layout.php(97): spl_autoload_call()
#1 D:\javiermu\test\f\web\CBaseController.php(127): require()
#2 D:\javiermu\test\f\web\CBaseController.php(96): HomeController->renderInternal()
#3 D:\javiermu\test\f\web\CController.php(785): HomeController->renderFile()
#4 D:\javiermu\test\protected\controllers\HomeController.php(13): HomeController->render()
#5 D:\javiermu\test\f\web\actions\CInlineAction.php(50): HomeController->actionIndex()
#6 D:\javiermu\test\f\web\CController.php(309): CInlineAction->runWithParams()
#7 D:\javiermu\test\f\web\CController.php(287): HomeController->runAction()
#8 D:\javiermu\test\f\web\CController.php(266): HomeController->runActionWithFilters()
#9 D:\javiermu\test\f\web\CWebApplication.php(276): HomeController->run()
#10 D:\javiermu\test\f\web\CWebApplication.php(135): CWebApplication->runController()
#11 D:\javiermu\test\f\base\CApplication.php(162): CWebApplication->processRequest()
#12 D:\javiermu\test\index.php(11): CWebApplication->run()
REQUEST_URI=/test/
2012/12/29 18:20:35 [error] [php] include(CCientScript.php): failed to open stream: No such file or directory (D:\javiermu\test\f\YiiBase.php:418)
Stack trace:
#0 D:\javiermu\test\protected\views\layouts\_Layout.php(97): spl_autoload_call()
#1 D:\javiermu\test\f\web\CBaseController.php(127): require()
#2 D:\javiermu\test\f\web\CBaseController.php(96): HomeController->renderInternal()
#3 D:\javiermu\test\f\web\CController.php(785): HomeController->renderFile()
#4 D:\javiermu\test\protected\controllers\HomeController.php(13): HomeController->render()
#5 D:\javiermu\test\f\web\actions\CInlineAction.php(50): HomeController->actionIndex()
#6 D:\javiermu\test\f\web\CController.php(309): CInlineAction->runWithParams()
#7 D:\javiermu\test\f\web\CController.php(287): HomeController->runAction()
#8 D:\javiermu\test\f\web\CController.php(266): HomeController->runActionWithFilters()
#9 D:\javiermu\test\f\web\CWebApplication.php(276): HomeController->run()
#10 D:\javiermu\test\f\web\CWebApplication.php(135): CWebApplication->runController()
#11 D:\javiermu\test\f\base\CApplication.php(162): CWebApplication->processRequest()
#12 D:\javiermu\test\index.php(11): CWebApplication->run()
REQUEST_URI=/test/
2012/12/30 05:18:04 [error] [exception.CException] exception 'CException' with message 'CAssetManager.basePath "D:\javiermu\test\t101\assets" is invalid. Please make sure the directory exists and is writable by the Web server process.' in D:\javiermu\test\y\web\CAssetManager.php:116
Stack trace:
#0 D:\javiermu\test\y\web\CAssetManager.php(101): CAssetManager->setBasePath('D:\javiermu\tes...')
#1 D:\javiermu\test\y\web\CAssetManager.php(219): CAssetManager->getBasePath()
#2 D:\javiermu\test\y\zii\widgets\CListView.php(179): CAssetManager->publish('D:\javiermu\tes...')
#3 D:\javiermu\test\y\web\CBaseController.php(148): CListView->init()
#4 D:\javiermu\test\y\web\CBaseController.php(173): CBaseController->createWidget('zii.widgets.CLi...', Array)
#5 D:\javiermu\test\t101\protected\views\post\index.php(9): CBaseController->widget('zii.widgets.CLi...', Array)
#6 D:\javiermu\test\y\web\CBaseController.php(127): require('D:\javiermu\tes...')
#7 D:\javiermu\test\y\web\CBaseController.php(96): CBaseController->renderInternal('D:\javiermu\tes...', Array, true)
#8 D:\javiermu\test\y\web\CController.php(870): CBaseController->renderFile('D:\javiermu\tes...', Array, true)
#9 D:\javiermu\test\y\web\CController.php(783): CController->renderPartial('index', Array, true)
#10 D:\javiermu\test\t101\protected\controllers\PostController.php(136): CController->render('index', Array)
#11 D:\javiermu\test\y\web\actions\CInlineAction.php(50): PostController->actionIndex()
#12 D:\javiermu\test\y\web\CController.php(309): CInlineAction->runWithParams(Array)
#13 D:\javiermu\test\y\web\filters\CFilterChain.php(134): CController->runAction(Object(CInlineAction))
#14 D:\javiermu\test\y\web\filters\CFilter.php(41): CFilterChain->run()
#15 D:\javiermu\test\y\web\CController.php(1146): CFilter->filter(Object(CFilterChain))
#16 D:\javiermu\test\y\web\filters\CInlineFilter.php(59): CController->filterAccessControl(Object(CFilterChain))
#17 D:\javiermu\test\y\web\filters\CFilterChain.php(131): CInlineFilter->filter(Object(CFilterChain))
#18 D:\javiermu\test\y\web\CController.php(292): CFilterChain->run()
#19 D:\javiermu\test\y\web\CController.php(266): CController->runActionWithFilters(Object(CInlineAction), Array)
#20 D:\javiermu\test\y\web\CWebApplication.php(276): CController->run('')
#21 D:\javiermu\test\y\web\CWebApplication.php(135): CWebApplication->runController('post')
#22 D:\javiermu\test\y\base\CApplication.php(162): CWebApplication->processRequest()
#23 D:\javiermu\test\t101\index.php(11): CApplication->run()
#24 {main}
REQUEST_URI=/t101/index.php/post
---
2012/12/30 05:21:46 [error] [exception.CException] exception 'CException' with message 'CAssetManager.basePath "D:\javiermu\test\t101\assets" is invalid. Please make sure the directory exists and is writable by the Web server process.' in D:\javiermu\test\y\web\CAssetManager.php:116
Stack trace:
#0 D:\javiermu\test\y\web\CAssetManager.php(101): CAssetManager->setBasePath('D:\javiermu\tes...')
#1 D:\javiermu\test\y\web\CAssetManager.php(219): CAssetManager->getBasePath()
#2 D:\javiermu\test\y\zii\widgets\CListView.php(179): CAssetManager->publish('D:\javiermu\tes...')
#3 D:\javiermu\test\y\web\CBaseController.php(148): CListView->init()
#4 D:\javiermu\test\y\web\CBaseController.php(173): CBaseController->createWidget('zii.widgets.CLi...', Array)
#5 D:\javiermu\test\t101\protected\views\post\index.php(9): CBaseController->widget('zii.widgets.CLi...', Array)
#6 D:\javiermu\test\y\web\CBaseController.php(127): require('D:\javiermu\tes...')
#7 D:\javiermu\test\y\web\CBaseController.php(96): CBaseController->renderInternal('D:\javiermu\tes...', Array, true)
#8 D:\javiermu\test\y\web\CController.php(870): CBaseController->renderFile('D:\javiermu\tes...', Array, true)
#9 D:\javiermu\test\y\web\CController.php(783): CController->renderPartial('index', Array, true)
#10 D:\javiermu\test\t101\protected\controllers\PostController.php(136): CController->render('index', Array)
#11 D:\javiermu\test\y\web\actions\CInlineAction.php(50): PostController->actionIndex()
#12 D:\javiermu\test\y\web\CController.php(309): CInlineAction->runWithParams(Array)
#13 D:\javiermu\test\y\web\filters\CFilterChain.php(134): CController->runAction(Object(CInlineAction))
#14 D:\javiermu\test\y\web\filters\CFilter.php(41): CFilterChain->run()
#15 D:\javiermu\test\y\web\CController.php(1146): CFilter->filter(Object(CFilterChain))
#16 D:\javiermu\test\y\web\filters\CInlineFilter.php(59): CController->filterAccessControl(Object(CFilterChain))
#17 D:\javiermu\test\y\web\filters\CFilterChain.php(131): CInlineFilter->filter(Object(CFilterChain))
#18 D:\javiermu\test\y\web\CController.php(292): CFilterChain->run()
#19 D:\javiermu\test\y\web\CController.php(266): CController->runActionWithFilters(Object(CInlineAction), Array)
#20 D:\javiermu\test\y\web\CWebApplication.php(276): CController->run('')
#21 D:\javiermu\test\y\web\CWebApplication.php(135): CWebApplication->runController('post')
#22 D:\javiermu\test\y\base\CApplication.php(162): CWebApplication->processRequest()
#23 D:\javiermu\test\t101\index.php(11): CApplication->run()
#24 {main}
REQUEST_URI=/index.php/post
---
